repositories_directory_path: C:\Repositories
archives_directory_path: C:\Repositories\Resources\Archives
ignored_directory_names: ['.git', '.vs', 'packages', 'pyddle', 'Resources']
obsolete_solution_names: ['fileDel', 'flayground', 'Nekote', 'Nekote2018', 'photoPage', 'repoCheck', 'runAll', 'srcZip', 'taskKiller', 'timeLog', 'tk2Text']
supported_runtimes: ['win-x64']
not_archived_directory_names: ['.git', '.vs', 'bin', 'obj']
Ignored directory: pyddle
Ignored directory: Resources
Ignored directory: fileDel/.git
Ignored directory: fileDel/.vs
Ignored directory: flayground/.git
Ignored directory: flayground/.vs
Ignored directory: Nekote/.git
Ignored directory: Nekote/.vs
Ignored directory: Nekote2018/.git
Ignored directory: Nekote2018/.vs
Ignored directory: photoPage/.git
Ignored directory: photoPage/.vs
Ignored directory: repoCheck/.git
Ignored directory: repoCheck/.vs
Ignored directory: runAll/.git
Ignored directory: runAll/.vs
Ignored directory: srcZip/.git
Ignored directory: srcZip/.vs
Ignored directory: taskKiller/.git
Ignored directory: taskKiller/.vs
Ignored directory: timeLog/.git
Ignored directory: timeLog/.vs
Ignored directory: tk2Text/.git
Ignored directory: tk2Text/.vs
Ignored directory: yyBom/.git
Ignored directory: yyBom/.vs
Ignored directory: yyDalleShortName/.git
Ignored directory: yyDalleShortName/.vs
Ignored directory: yyGptBook/.git
Ignored directory: yyGptBook/.vs
Ignored directory: yyGptLib/.git
Ignored directory: yyGptLib/.vs
Ignored directory: yyLib/.git
Ignored directory: yyLib/.vs
Ignored directory: yyMailLib/.git
Ignored directory: yyMailLib/.vs
Ignored directory: yyMediaTime/.git
Ignored directory: yyMediaTime/.vs
Ignored directory: yyTodoMail/.git
Ignored directory: yyTodoMail/.vs
Nekote v0.0.5
    C:\Repositories\Resources\Archives\Obsolete\Nekote\Nekote-v0.0.5-src.zip
    Nekote v0.0.5
        No referenced projects found.
    NekoteConsole v0.0.5
        Nekote v0.0.5
Nekote2018 v0.0.31
    C:\Repositories\Resources\Archives\Obsolete\Nekote2018\Nekote2018-v0.0.31-src.zip
    Nekote2018 v0.0.31
        No referenced projects found.
    NekoteConsole2018 v0.0.31
        Nekote2018 v0.0.31
fileDel v0.3
    C:\Repositories\Resources\Archives\Obsolete\fileDel\fileDel-v0.3-src.zip
    fileDel v0.3
        No referenced projects found.
flayground v0.4
    C:\Repositories\Resources\Archives\Obsolete\flayground\flayground-v0.4-src.zip
    flayground v0.4
        No referenced projects found.
photoPage v0.4
    C:\Repositories\Resources\Archives\Obsolete\photoPage\photoPage-v0.4-src.zip
    photoPage v0.4
        No referenced projects found.
repoCheck v0.4
    C:\Repositories\Resources\Archives\Obsolete\repoCheck\repoCheck-v0.4-src.zip
    repoCheck v0.4
        No referenced projects found.
runAll v0.13
    C:\Repositories\Resources\Archives\Obsolete\runAll\runAll-v0.13-src.zip
    runAll v0.13
        Nekote2018 v0.0.31
srcZip v0.3
    C:\Repositories\Resources\Archives\Obsolete\srcZip\srcZip-v0.3-src.zip
    srcZip v0.3
        No referenced projects found.
taskKiller v0.61
    C:\Repositories\Resources\Archives\Obsolete\taskKiller\taskKiller-v0.61-src.zip
    taskKiller v0.61
        Nekote2018 v0.0.31
timeLog v0.9
    C:\Repositories\Resources\Archives\Obsolete\timeLog\timeLog-v0.9-src.zip
    timeLog v0.9
        Nekote v0.0.5
tk2Text v0.22
    C:\Repositories\Resources\Archives\Obsolete\tk2Text\tk2Text-v0.22-src.zip
    tk2Text v0.22
        Nekote2018 v0.0.31
        tk2TextShared v0.22
    tk2TextShared v0.22
        Nekote2018 v0.0.31
    tkView v0.22
        tk2TextShared v0.22
yyBom v0.1
    C:\Repositories\Resources\Archives\yyBom\yyBom-v0.1-src.zip
    yyBom v0.1
        yyLib v0.3
yyDalleShortName v0.2
    C:\Repositories\Resources\Archives\yyDalleShortName\yyDalleShortName-v0.2-src.zip
    yyDalleShortName v0.2
        No referenced projects found.
yyGptBook v0.1
    C:\Repositories\Resources\Archives\yyGptBook\yyGptBook-v0.1-src.zip
    yyGptBook v0.1
        yyGptBookLib v0.1
    yyGptBookLib v0.1
        yyGptLib v0.4
        yyLib v0.3
yyGptLib v0.4
    C:\Repositories\Resources\Archives\yyGptLib\yyGptLib-v0.4-src.zip
    yyGptLib v0.4
        yyLib v0.3
    yyGptLibConsole v0.4
        yyGptLib v0.4
        yyLib v0.3
yyLib v0.3
    C:\Repositories\Resources\Archives\yyLib\yyLib-v0.3-src.zip
    yyLib v0.3
        No referenced projects found.
    yyLibConsole v0.3
        yyLib v0.3
yyMailLib v0.3
    C:\Repositories\Resources\Archives\yyMailLib\yyMailLib-v0.3-src.zip
    yyMailLib v0.3
        yyLib v0.3
    yyMailLibConsole v0.3
        yyLib v0.3
        yyMailLib v0.3
yyMediaTime v0.2
    C:\Repositories\Resources\Archives\yyMediaTime\yyMediaTime-v0.2-src.zip
    yyMediaTime v0.2
        yyLib v0.3
yyTodoMail v0.3
    C:\Repositories\Resources\Archives\yyTodoMail\yyTodoMail-v0.3-src.zip
    yyTodoMail v0.3
        yyGptLib v0.4
        yyLib v0.3
        yyMailLib v0.3
27 valid projects found.
Projects to build:
    Nekote
    timeLog
    yyLib
    yyGptLib
    yyGptLibConsole
    Nekote2018
    runAll
    yyMediaTime
    yyLibConsole
    yyBom
    yyDalleShortName
    photoPage
    yyMailLib
    yyMailLibConsole
    NekoteConsole2018
    tk2TextShared
    tkView
    srcZip
    repoCheck
    yyGptBookLib
    yyGptBook
    fileDel
    NekoteConsole
    taskKiller
    flayground
    tk2Text
    yyTodoMail
Updating NuGet packages...
    Nekote:
        stdout:
            次のソースが使用されました:
               https://api.nuget.org/v3/index.json
               C:\Program Files (x86)\Microsoft SDKs\NuGetPackages\
            現在のソースには指定されたプロジェクト 'Nekote' の更新はありません。
    timeLog:
        stdout:
            次のソースが使用されました:
               https://api.nuget.org/v3/index.json
               C:\Program Files (x86)\Microsoft SDKs\NuGetPackages\
            プロジェクト 'timeLog' のパッケージに次の更新があります
               [net8.0-windows7.0]:
               最上位レベル パッケージ      要求済み    解決済み    最新
               > SharpHook       5.2.2   5.2.2   5.3.1
        stdout:
              復元対象のプロジェクトを決定しています...
              Writing C:\Users\Hoge\AppData\Local\Temp\tmpwh0epn.tmp
            info : X.509 certificate chain validation will use the default trust store selected by .NET for code signing.
            info : X.509 certificate chain validation will use the default trust store selected by .NET for timestamping.
            info : パッケージ 'SharpHook' の PackageReference をプロジェクト 'C:\Repositories\timeLog\timeLog\timeLog.csproj' に追加しています。
            info : C:\Repositories\timeLog\timeLog\timeLog.csproj のパッケージを復元しています...
            info :   GET https://api.nuget.org/v3-flatcontainer/sharphook/index.json
            info :   OK https://api.nuget.org/v3-flatcontainer/sharphook/index.json 702 ミリ秒
            info :   GET https://api.nuget.org/v3-flatcontainer/sharphook/5.3.1/sharphook.5.3.1.nupkg
            info :   OK https://api.nuget.org/v3-flatcontainer/sharphook/5.3.1/sharphook.5.3.1.nupkg 706 ミリ秒
            info : コンテンツ ハッシュ C:\Users\Hoge\.nuget\packages\sharphook\5.3.1 の https://api.nuget.org/v3/index.json から SharpHook 5.3.1 がインストールされました。
            info :   CACHE https://api.nuget.org/v3/vulnerabilities/index.json
            info :   CACHE https://api.nuget.org/v3-vulnerabilities/2024.03.07.05.31.04/vulnerability.base.json
            info :   CACHE https://api.nuget.org/v3-vulnerabilities/2024.03.07.05.31.04/2024.03.11.23.31.42/vulnerability.update.json
            info : パッケージ 'SharpHook' は、プロジェクト 'C:\Repositories\timeLog\timeLog\timeLog.csproj' のすべての指定されたフレームワークとの互換性があります。
            info : パッケージ 'SharpHook' バージョン '5.3.1' の PackageReference がファイル 'C:\Repositories\timeLog\timeLog\timeLog.csproj' で更新されました。
            info : MSBuild ファイル C:\Repositories\timeLog\timeLog\obj\timeLog.csproj.nuget.g.targets を生成しています。
            info : アセット ファイルをディスクに書き込んでいます。パス: C:\Repositories\timeLog\timeLog\obj\project.assets.json
            log  : C:\Repositories\timeLog\timeLog\timeLog.csproj を復元しました (2.4 sec)。
    yyLib:
        stdout:
            次のソースが使用されました:
               https://api.nuget.org/v3/index.json
               C:\Program Files (x86)\Microsoft SDKs\NuGetPackages\
            現在のソースには指定されたプロジェクト 'yyLib' の更新はありません。
    yyGptLib:
        stdout:
            次のソースが使用されました:
               https://api.nuget.org/v3/index.json
               C:\Program Files (x86)\Microsoft SDKs\NuGetPackages\
            現在のソースには指定されたプロジェクト 'yyGptLib' の更新はありません。
    yyGptLibConsole:
        stdout:
            次のソースが使用されました:
               https://api.nuget.org/v3/index.json
               C:\Program Files (x86)\Microsoft SDKs\NuGetPackages\
            現在のソースには指定されたプロジェクト 'yyGptLibConsole' の更新はありません。
    Nekote2018:
        stdout:
            次のソースが使用されました:
               https://api.nuget.org/v3/index.json
               C:\Program Files (x86)\Microsoft SDKs\NuGetPackages\
            現在のソースには指定されたプロジェクト 'Nekote2018' の更新はありません。
    runAll:
        stdout:
            次のソースが使用されました:
               https://api.nuget.org/v3/index.json
               C:\Program Files (x86)\Microsoft SDKs\NuGetPackages\
            現在のソースには指定されたプロジェクト 'runAll' の更新はありません。
    yyMediaTime:
        stdout:
            次のソースが使用されました:
               https://api.nuget.org/v3/index.json
               C:\Program Files (x86)\Microsoft SDKs\NuGetPackages\
            現在のソースには指定されたプロジェクト 'yyMediaTime' の更新はありません。
    yyLibConsole:
        stdout:
            次のソースが使用されました:
               https://api.nuget.org/v3/index.json
               C:\Program Files (x86)\Microsoft SDKs\NuGetPackages\
            現在のソースには指定されたプロジェクト 'yyLibConsole' の更新はありません。
    yyBom:
        stdout:
            次のソースが使用されました:
               https://api.nuget.org/v3/index.json
               C:\Program Files (x86)\Microsoft SDKs\NuGetPackages\
            現在のソースには指定されたプロジェクト 'yyBom' の更新はありません。
    yyDalleShortName:
        stdout:
            次のソースが使用されました:
               https://api.nuget.org/v3/index.json
               C:\Program Files (x86)\Microsoft SDKs\NuGetPackages\
            現在のソースには指定されたプロジェクト 'yyDalleShortName' の更新はありません。
    photoPage:
        stdout:
            次のソースが使用されました:
               https://api.nuget.org/v3/index.json
               C:\Program Files (x86)\Microsoft SDKs\NuGetPackages\
            プロジェクト 'photoPage' のパッケージに次の更新があります
               [net8.0-windows7.0]:
               最上位レベル パッケージ                 要求済み     解決済み     最新
               > Magick.NET-Q16-AnyCPU      13.5.0   13.5.0   13.6.0
        stdout:
              復元対象のプロジェクトを決定しています...
              Writing C:\Users\Hoge\AppData\Local\Temp\tmpmiry4c.tmp
            info : X.509 certificate chain validation will use the default trust store selected by .NET for code signing.
            info : X.509 certificate chain validation will use the default trust store selected by .NET for timestamping.
            info : パッケージ 'Magick.NET-Q16-AnyCPU' の PackageReference をプロジェクト 'C:\Repositories\photoPage\photoPage\photoPage.csproj' に追加しています。
            info : C:\Repositories\photoPage\photoPage\photoPage.csproj のパッケージを復元しています...
            info :   CACHE https://api.nuget.org/v3/vulnerabilities/index.json
            info :   CACHE https://api.nuget.org/v3-vulnerabilities/2024.03.07.05.31.04/vulnerability.base.json
            info :   CACHE https://api.nuget.org/v3-vulnerabilities/2024.03.07.05.31.04/2024.03.11.23.31.42/vulnerability.update.json
            info : パッケージ 'Magick.NET-Q16-AnyCPU' は、プロジェクト 'C:\Repositories\photoPage\photoPage\photoPage.csproj' のすべての指定されたフレームワークとの互換性があります。
            info : パッケージ 'Magick.NET-Q16-AnyCPU' バージョン '13.6.0' の PackageReference がファイル 'C:\Repositories\photoPage\photoPage\photoPage.csproj' で更新されました。
            info : MSBuild ファイル C:\Repositories\photoPage\photoPage\obj\photoPage.csproj.nuget.g.targets を生成しています。
            info : アセット ファイルをディスクに書き込んでいます。パス: C:\Repositories\photoPage\photoPage\obj\project.assets.json
            log  : C:\Repositories\photoPage\photoPage\photoPage.csproj を復元しました (292 ms)。
    yyMailLib:
        stdout:
            次のソースが使用されました:
               https://api.nuget.org/v3/index.json
               C:\Program Files (x86)\Microsoft SDKs\NuGetPackages\
            現在のソースには指定されたプロジェクト 'yyMailLib' の更新はありません。
    yyMailLibConsole:
        stdout:
            次のソースが使用されました:
               https://api.nuget.org/v3/index.json
               C:\Program Files (x86)\Microsoft SDKs\NuGetPackages\
            現在のソースには指定されたプロジェクト 'yyMailLibConsole' の更新はありません。
    NekoteConsole2018:
        stdout:
            次のソースが使用されました:
               https://api.nuget.org/v3/index.json
               C:\Program Files (x86)\Microsoft SDKs\NuGetPackages\
            現在のソースには指定されたプロジェクト 'NekoteConsole2018' の更新はありません。
    tk2TextShared:
        stdout:
            次のソースが使用されました:
               https://api.nuget.org/v3/index.json
               C:\Program Files (x86)\Microsoft SDKs\NuGetPackages\
            現在のソースには指定されたプロジェクト 'tk2TextShared' の更新はありません。
    tkView:
        stdout:
            次のソースが使用されました:
               https://api.nuget.org/v3/index.json
               C:\Program Files (x86)\Microsoft SDKs\NuGetPackages\
            現在のソースには指定されたプロジェクト 'tkView' の更新はありません。
    srcZip:
        stdout:
            次のソースが使用されました:
               https://api.nuget.org/v3/index.json
               C:\Program Files (x86)\Microsoft SDKs\NuGetPackages\
            現在のソースには指定されたプロジェクト 'srcZip' の更新はありません。
    repoCheck:
        stdout:
            次のソースが使用されました:
               https://api.nuget.org/v3/index.json
               C:\Program Files (x86)\Microsoft SDKs\NuGetPackages\
            現在のソースには指定されたプロジェクト 'repoCheck' の更新はありません。
    yyGptBookLib:
        stdout:
            次のソースが使用されました:
               https://api.nuget.org/v3/index.json
               C:\Program Files (x86)\Microsoft SDKs\NuGetPackages\
            現在のソースには指定されたプロジェクト 'yyGptBookLib' の更新はありません。
    yyGptBook:
        stdout:
            次のソースが使用されました:
               https://api.nuget.org/v3/index.json
               C:\Program Files (x86)\Microsoft SDKs\NuGetPackages\
            プロジェクト 'yyGptBook' のパッケージに次の更新があります
               [net8.0]:
               最上位レベル パッケージ                要求済み     解決済み     最新
               > Avalonia.Diagnostics      11.0.6   11.0.6   11.0.10
        stdout:
              復元対象のプロジェクトを決定しています...
              Writing C:\Users\Hoge\AppData\Local\Temp\tmpmdn0kh.tmp
            info : X.509 certificate chain validation will use the default trust store selected by .NET for code signing.
            info : X.509 certificate chain validation will use the default trust store selected by .NET for timestamping.
            info : パッケージ 'Avalonia.Diagnostics' の PackageReference をプロジェクト 'C:\Repositories\yyGptBook\yyGptBook\yyGptBook.csproj' に追加しています。
            info : C:\Repositories\yyGptBook\yyGptBook\yyGptBook.csproj のパッケージを復元しています...
            info :   GET https://api.nuget.org/v3-flatcontainer/avalonia.diagnostics/index.json
            info :   OK https://api.nuget.org/v3-flatcontainer/avalonia.diagnostics/index.json 829 ミリ秒
            info :   GET https://api.nuget.org/v3-flatcontainer/avalonia.diagnostics/11.0.10/avalonia.diagnostics.11.0.10.nupkg
            info :   OK https://api.nuget.org/v3-flatcontainer/avalonia.diagnostics/11.0.10/avalonia.diagnostics.11.0.10.nupkg 6 ミリ秒
            info :   GET https://api.nuget.org/v3-flatcontainer/avalonia.controls.colorpicker/index.json
            info :   GET https://api.nuget.org/v3-flatcontainer/avalonia.controls.datagrid/index.json
            info :   GET https://api.nuget.org/v3-flatcontainer/avalonia.themes.simple/index.json
            info :   OK https://api.nuget.org/v3-flatcontainer/avalonia.controls.colorpicker/index.json 728 ミリ秒
            info :   OK https://api.nuget.org/v3-flatcontainer/avalonia.themes.simple/index.json 727 ミリ秒
            info :   GET https://api.nuget.org/v3-flatcontainer/avalonia.controls.colorpicker/11.0.10/avalonia.controls.colorpicker.11.0.10.nupkg
            info :   GET https://api.nuget.org/v3-flatcontainer/avalonia.themes.simple/11.0.10/avalonia.themes.simple.11.0.10.nupkg
            info :   OK https://api.nuget.org/v3-flatcontainer/avalonia.controls.colorpicker/11.0.10/avalonia.controls.colorpicker.11.0.10.nupkg 6 ミリ秒
            info :   OK https://api.nuget.org/v3-flatcontainer/avalonia.themes.simple/11.0.10/avalonia.themes.simple.11.0.10.nupkg 6 ミリ秒
            info :   OK https://api.nuget.org/v3-flatcontainer/avalonia.controls.datagrid/index.json 741 ミリ秒
            info :   GET https://api.nuget.org/v3-flatcontainer/avalonia.controls.datagrid/11.0.10/avalonia.controls.datagrid.11.0.10.nupkg
            info :   OK https://api.nuget.org/v3-flatcontainer/avalonia.controls.datagrid/11.0.10/avalonia.controls.datagrid.11.0.10.nupkg 12 ミリ秒
            info : コンテンツ ハッシュ C:\Users\Hoge\.nuget\packages\avalonia.themes.simple\11.0.10 の https://api.nuget.org/v3/index.json から Avalonia.Themes.Simple 11.0.10 がインストールされました。
            info : コンテンツ ハッシュ C:\Users\Hoge\.nuget\packages\avalonia.diagnostics\11.0.10 の https://api.nuget.org/v3/index.json から Avalonia.Diagnostics 11.0.10 がインストールされました。
            info : コンテンツ ハッシュ C:\Users\Hoge\.nuget\packages\avalonia.controls.datagrid\11.0.10 の https://api.nuget.org/v3/index.json から Avalonia.Controls.DataGrid 11.0.10 がインストールされました。
            info : コンテンツ ハッシュ C:\Users\Hoge\.nuget\packages\avalonia.controls.colorpicker\11.0.10 の https://api.nuget.org/v3/index.json から Avalonia.Controls.ColorPicker 11.0.10 がインストールされました。
            info :   CACHE https://api.nuget.org/v3/vulnerabilities/index.json
            info :   CACHE https://api.nuget.org/v3-vulnerabilities/2024.03.07.05.31.04/vulnerability.base.json
            info :   CACHE https://api.nuget.org/v3-vulnerabilities/2024.03.07.05.31.04/2024.03.11.23.31.42/vulnerability.update.json
            info : パッケージ 'Avalonia.Diagnostics' は、プロジェクト 'C:\Repositories\yyGptBook\yyGptBook\yyGptBook.csproj' のすべての指定されたフレームワークとの互換性があります。
            info : パッケージ 'Avalonia.Diagnostics' バージョン '11.0.10' の PackageReference がファイル 'C:\Repositories\yyGptBook\yyGptBook\yyGptBook.csproj' で更新されました。
            info : アセット ファイルをディスクに書き込んでいます。パス: C:\Repositories\yyGptBook\yyGptBook\obj\project.assets.json
            log  : C:\Repositories\yyGptBook\yyGptBook\yyGptBook.csproj を復元しました (2.55 sec)。
    fileDel:
        stdout:
            次のソースが使用されました:
               https://api.nuget.org/v3/index.json
               C:\Program Files (x86)\Microsoft SDKs\NuGetPackages\
            現在のソースには指定されたプロジェクト 'fileDel' の更新はありません。
    NekoteConsole:
        stdout:
            次のソースが使用されました:
               https://api.nuget.org/v3/index.json
               C:\Program Files (x86)\Microsoft SDKs\NuGetPackages\
            現在のソースには指定されたプロジェクト 'NekoteConsole' の更新はありません。
    taskKiller:
        stdout:
            次のソースが使用されました:
               https://api.nuget.org/v3/index.json
               C:\Program Files (x86)\Microsoft SDKs\NuGetPackages\
            現在のソースには指定されたプロジェクト 'taskKiller' の更新はありません。
    flayground:
        stdout:
            次のソースが使用されました:
               https://api.nuget.org/v3/index.json
               C:\Program Files (x86)\Microsoft SDKs\NuGetPackages\
            現在のソースには指定されたプロジェクト 'flayground' の更新はありません。
    tk2Text:
        stdout:
            次のソースが使用されました:
               https://api.nuget.org/v3/index.json
               C:\Program Files (x86)\Microsoft SDKs\NuGetPackages\
            現在のソースには指定されたプロジェクト 'tk2Text' の更新はありません。
    yyTodoMail:
        stdout:
            次のソースが使用されました:
               https://api.nuget.org/v3/index.json
               C:\Program Files (x86)\Microsoft SDKs\NuGetPackages\
            プロジェクト 'yyTodoMail' のパッケージに次の更新があります
               [net8.0]:
               最上位レベル パッケージ                要求済み     解決済み     最新
               > Avalonia.Diagnostics      11.0.9   11.0.9   11.0.10
        stdout:
              復元対象のプロジェクトを決定しています...
              Writing C:\Users\Hoge\AppData\Local\Temp\tmp50oglt.tmp
            info : X.509 certificate chain validation will use the default trust store selected by .NET for code signing.
            info : X.509 certificate chain validation will use the default trust store selected by .NET for timestamping.
            info : パッケージ 'Avalonia.Diagnostics' の PackageReference をプロジェクト 'C:\Repositories\yyTodoMail\yyTodoMail\yyTodoMail.csproj' に追加しています。
            info : C:\Repositories\yyTodoMail\yyTodoMail\yyTodoMail.csproj のパッケージを復元しています...
            info :   CACHE https://api.nuget.org/v3/vulnerabilities/index.json
            info :   CACHE https://api.nuget.org/v3-vulnerabilities/2024.03.07.05.31.04/vulnerability.base.json
            info :   CACHE https://api.nuget.org/v3-vulnerabilities/2024.03.07.05.31.04/2024.03.11.23.31.42/vulnerability.update.json
            info : パッケージ 'Avalonia.Diagnostics' は、プロジェクト 'C:\Repositories\yyTodoMail\yyTodoMail\yyTodoMail.csproj' のすべての指定されたフレームワークとの互換性があります。
            info : パッケージ 'Avalonia.Diagnostics' バージョン '11.0.10' の PackageReference がファイル 'C:\Repositories\yyTodoMail\yyTodoMail\yyTodoMail.csproj' で更新されました。
            info : アセット ファイルをディスクに書き込んでいます。パス: C:\Repositories\yyTodoMail\yyTodoMail\obj\project.assets.json
            log  : C:\Repositories\yyTodoMail\yyTodoMail\yyTodoMail.csproj を復元しました (572 ms)。
Building...
    Nekote:
        stdout:
            MSBuild のバージョン 17.9.4+90725d08d (.NET)
              Nekote -> C:\Repositories\Nekote\Nekote\bin\Release\net8.0\Nekote.dll
            ビルドに成功しました。
                0 個の警告
                0 エラー
            経過時間 00:00:01.17
    timeLog:
        stdout:
            MSBuild のバージョン 17.9.4+90725d08d (.NET)
              timeLog -> C:\Repositories\timeLog\timeLog\bin\Release\net8.0-windows\timeLog.dll
            ビルドに成功しました。
                0 個の警告
                0 エラー
            経過時間 00:00:07.18
    yyLib:
        stdout:
            MSBuild のバージョン 17.9.4+90725d08d (.NET)
              yyLib -> C:\Repositories\yyLib\yyLib\bin\Release\net8.0\yyLib.dll
            ビルドに成功しました。
                0 個の警告
                0 エラー
            経過時間 00:00:01.74
    yyGptLib:
        stdout:
            MSBuild のバージョン 17.9.4+90725d08d (.NET)
              yyGptLib -> C:\Repositories\yyGptLib\yyGptLib\bin\Release\net8.0\yyGptLib.dll
            ビルドに成功しました。
                0 個の警告
                0 エラー
            経過時間 00:00:02.11
    yyGptLibConsole:
        stdout:
            MSBuild のバージョン 17.9.4+90725d08d (.NET)
              yyGptLib -> C:\Repositories\yyGptLib\yyGptLib\bin\Release\net8.0\yyGptLib.dll
              yyGptLibConsole -> C:\Repositories\yyGptLib\yyGptLibConsole\bin\Release\net8.0\yyGptLibConsole.dll
            ビルドに成功しました。
                0 個の警告
                0 エラー
            経過時間 00:00:03.19
    Nekote2018:
        stdout:
            MSBuild のバージョン 17.9.4+90725d08d (.NET)
              Nekote2018 -> C:\Repositories\Nekote2018\Nekote2018\bin\Release\net8.0-windows\Nekote2018.dll
            ビルドに成功しました。
                0 個の警告
                0 エラー
            経過時間 00:00:01.98
    runAll:
        stdout:
            MSBuild のバージョン 17.9.4+90725d08d (.NET)
              runAll -> C:\Repositories\runAll\runAll\bin\Release\net8.0\runAll.dll
            ビルドに成功しました。
                0 個の警告
                0 エラー
            経過時間 00:00:02.18
    yyMediaTime:
        stdout:
            MSBuild のバージョン 17.9.4+90725d08d (.NET)
              yyMediaTime -> C:\Repositories\yyMediaTime\yyMediaTime\bin\Release\net8.0\yyMediaTime.dll
            ビルドに成功しました。
                0 個の警告
                0 エラー
            経過時間 00:00:02.68
    yyLibConsole:
        stdout:
            MSBuild のバージョン 17.9.4+90725d08d (.NET)
              yyLib -> C:\Repositories\yyLib\yyLib\bin\Release\net8.0\yyLib.dll
              yyLibConsole -> C:\Repositories\yyLib\yyLibConsole\bin\Release\net8.0\yyLibConsole.dll
            ビルドに成功しました。
                0 個の警告
                0 エラー
            経過時間 00:00:01.92
    yyBom:
        stdout:
            MSBuild のバージョン 17.9.4+90725d08d (.NET)
              yyBom -> C:\Repositories\yyBom\yyBom\bin\Release\net8.0\yyBom.dll
            ビルドに成功しました。
                0 個の警告
                0 エラー
            経過時間 00:00:01.97
    yyDalleShortName:
        stdout:
            MSBuild のバージョン 17.9.4+90725d08d (.NET)
              yyDalleShortName -> C:\Repositories\yyDalleShortName\yyDalleShortName\bin\Release\net8.0\yyDalleShortName.dll
            ビルドに成功しました。
                0 個の警告
                0 エラー
            経過時間 00:00:01.45
    photoPage:
        stdout:
            MSBuild のバージョン 17.9.4+90725d08d (.NET)
              photoPage -> C:\Repositories\photoPage\photoPage\bin\Release\net8.0-windows\photoPage.dll
            ビルドに成功しました。
                0 個の警告
                0 エラー
            経過時間 00:00:03.21
    yyMailLib:
        stdout:
            MSBuild のバージョン 17.9.4+90725d08d (.NET)
              yyMailLib -> C:\Repositories\yyMailLib\yyMailLib\bin\Release\net8.0\yyMailLib.dll
            ビルドに成功しました。
                0 個の警告
                0 エラー
            経過時間 00:00:01.90
    yyMailLibConsole:
        stdout:
            MSBuild のバージョン 17.9.4+90725d08d (.NET)
              yyMailLib -> C:\Repositories\yyMailLib\yyMailLib\bin\Release\net8.0\yyMailLib.dll
              yyMailLibConsole -> C:\Repositories\yyMailLib\yyMailLibConsole\bin\Release\net8.0\yyMailLibConsole.dll
            ビルドに成功しました。
                0 個の警告
                0 エラー
            経過時間 00:00:02.56
    NekoteConsole2018:
        stdout:
            MSBuild のバージョン 17.9.4+90725d08d (.NET)
              Nekote2018 -> C:\Repositories\Nekote2018\Nekote2018\bin\Release\net8.0-windows\Nekote2018.dll
              NekoteConsole2018 -> C:\Repositories\Nekote2018\NekoteConsole2018\bin\Release\net8.0-windows\NekoteConsole2018.dll
            ビルドに成功しました。
                0 個の警告
                0 エラー
            経過時間 00:00:02.33
    tk2TextShared:
        stdout:
            MSBuild のバージョン 17.9.4+90725d08d (.NET)
              tk2TextShared -> C:\Repositories\tk2Text\tk2TextShared\bin\Release\net8.0\tk2TextShared.dll
            ビルドに成功しました。
                0 個の警告
                0 エラー
            経過時間 00:00:01.88
    tkView:
        stdout:
            MSBuild のバージョン 17.9.4+90725d08d (.NET)
              tk2TextShared -> C:\Repositories\tk2Text\tk2TextShared\bin\Release\net8.0\tk2TextShared.dll
              tkView -> C:\Repositories\tk2Text\tkView\bin\Release\net8.0-windows\tkView.dll
            ビルドに成功しました。
                0 個の警告
                0 エラー
            経過時間 00:00:03.63
    srcZip:
        stdout:
            MSBuild のバージョン 17.9.4+90725d08d (.NET)
              srcZip -> C:\Repositories\srcZip\srcZip\bin\Release\net8.0\srcZip.dll
            ビルドに成功しました。
                0 個の警告
                0 エラー
            経過時間 00:00:01.47
    repoCheck:
        stdout:
            MSBuild のバージョン 17.9.4+90725d08d (.NET)
              repoCheck -> C:\Repositories\repoCheck\repoCheck\bin\Release\net8.0\repoCheck.dll
            ビルドに成功しました。
                0 個の警告
                0 エラー
            経過時間 00:00:01.65
    yyGptBookLib:
        stdout:
            MSBuild のバージョン 17.9.4+90725d08d (.NET)
              yyGptBookLib -> C:\Repositories\yyGptBook\yyGptBookLib\bin\Release\net8.0\yyGptBookLib.dll
            ビルドに成功しました。
                0 個の警告
                0 エラー
            経過時間 00:00:01.76
    yyGptBook:
        stdout:
            MSBuild のバージョン 17.9.4+90725d08d (.NET)
              yyGptBookLib -> C:\Repositories\yyGptBook\yyGptBookLib\bin\Release\net8.0\yyGptBookLib.dll
              yyGptBook -> C:\Repositories\yyGptBook\yyGptBook\bin\Release\net8.0\yyGptBook.dll
            ビルドに成功しました。
                0 個の警告
                0 エラー
            経過時間 00:00:04.68
    fileDel:
        stdout:
            MSBuild のバージョン 17.9.4+90725d08d (.NET)
              fileDel -> C:\Repositories\fileDel\fileDel\bin\Release\net8.0\fileDel.dll
            ビルドに成功しました。
                0 個の警告
                0 エラー
            経過時間 00:00:01.43
    NekoteConsole:
        stdout:
            MSBuild のバージョン 17.9.4+90725d08d (.NET)
              Nekote -> C:\Repositories\Nekote\Nekote\bin\Release\net8.0\Nekote.dll
              NekoteConsole -> C:\Repositories\Nekote\NekoteConsole\bin\Release\net8.0\NekoteConsole.dll
            ビルドに成功しました。
                0 個の警告
                0 エラー
            経過時間 00:00:01.63
    taskKiller:
        stdout:
            MSBuild のバージョン 17.9.4+90725d08d (.NET)
              taskKiller -> C:\Repositories\taskKiller\taskKiller\bin\Release\net8.0-windows\taskKiller.dll
            ビルドに成功しました。
                0 個の警告
                0 エラー
            経過時間 00:00:04.17
    flayground:
        stdout:
            MSBuild のバージョン 17.9.4+90725d08d (.NET)
              flayground -> C:\Repositories\flayground\flayground\bin\Release\net8.0\flayground.dll
            ビルドに成功しました。
                0 個の警告
                0 エラー
            経過時間 00:00:01.38
    tk2Text:
        stdout:
            MSBuild のバージョン 17.9.4+90725d08d (.NET)
              tk2TextShared -> C:\Repositories\tk2Text\tk2TextShared\bin\Release\net8.0\tk2TextShared.dll
              tk2Text -> C:\Repositories\tk2Text\tk2Text\bin\Release\net8.0\tk2Text.dll
            ビルドに成功しました。
                0 個の警告
                0 エラー
            経過時間 00:00:02.84
    yyTodoMail:
        stdout:
            MSBuild のバージョン 17.9.4+90725d08d (.NET)
              yyTodoMail -> C:\Repositories\yyTodoMail\yyTodoMail\bin\Release\net8.0\yyTodoMail.dll
            ビルドに成功しました。
                0 個の警告
                0 エラー
            経過時間 00:00:03.55
Building and archiving...
    Nekote:
        stdout:
            MSBuild のバージョン 17.9.4+90725d08d (.NET)
              復元対象のプロジェクトを決定しています...
              C:\Repositories\Nekote\Nekote\Nekote.csproj を復元しました (109 ms)。
              Nekote -> C:\Repositories\Nekote\Nekote\bin\Release\net8.0\win-x64\Nekote.dll
              Nekote -> C:\Repositories\Nekote\Nekote\bin\Publish\win-x64\
        Archive file created: C:\Repositories\Resources\Archives\Obsolete\Nekote\Nekote-v0.0.5-win-x64.zip
        Archive file created: C:\Repositories\Resources\Archives\Obsolete\Nekote\Nekote-v0.0.5-src.zip
    timeLog:
        stdout:
            MSBuild のバージョン 17.9.4+90725d08d (.NET)
              復元対象のプロジェクトを決定しています...
              C:\Repositories\timeLog\timeLog\timeLog.csproj を復元しました (469 ms)。
              timeLog -> C:\Repositories\timeLog\timeLog\bin\Release\net8.0-windows\win-x64\timeLog.dll
              timeLog -> C:\Repositories\timeLog\timeLog\bin\Publish\win-x64\
        Archive file created: C:\Repositories\Resources\Archives\Obsolete\timeLog\timeLog-v0.9-win-x64.zip
        Archive file created: C:\Repositories\Resources\Archives\Obsolete\timeLog\timeLog-v0.9-src.zip
    yyLib:
        stdout:
            MSBuild のバージョン 17.9.4+90725d08d (.NET)
              復元対象のプロジェクトを決定しています...
              C:\Repositories\yyLib\yyLib\yyLib.csproj を復元しました (359 ms)。
              yyLib -> C:\Repositories\yyLib\yyLib\bin\Release\net8.0\win-x64\yyLib.dll
              yyLib -> C:\Repositories\yyLib\yyLib\bin\Publish\win-x64\
        Archive file created: C:\Repositories\Resources\Archives\yyLib\yyLib-v0.3-win-x64.zip
        Archive file created: C:\Repositories\Resources\Archives\yyLib\yyLib-v0.3-src.zip
    yyGptLib:
        stdout:
            MSBuild のバージョン 17.9.4+90725d08d (.NET)
              復元対象のプロジェクトを決定しています...
              C:\Repositories\yyGptLib\yyGptLib\yyGptLib.csproj を復元しました (113 ms)。
              yyGptLib -> C:\Repositories\yyGptLib\yyGptLib\bin\Release\net8.0\win-x64\yyGptLib.dll
              yyGptLib -> C:\Repositories\yyGptLib\yyGptLib\bin\Publish\win-x64\
        Archive file created: C:\Repositories\Resources\Archives\yyGptLib\yyGptLib-v0.4-win-x64.zip
        Archive file created: C:\Repositories\Resources\Archives\yyGptLib\yyGptLib-v0.4-src.zip
    yyGptLibConsole:
        stdout:
            MSBuild のバージョン 17.9.4+90725d08d (.NET)
              復元対象のプロジェクトを決定しています...
              C:\Repositories\yyGptLib\yyGptLibConsole\yyGptLibConsole.csproj を復元しました (425 ms)。
              2 個中 1 個の復元対象のプロジェクトは最新です。
              yyGptLib -> C:\Repositories\yyGptLib\yyGptLib\bin\Release\net8.0\yyGptLib.dll
              yyGptLibConsole -> C:\Repositories\yyGptLib\yyGptLibConsole\bin\Release\net8.0\win-x64\yyGptLibConsole.dll
              yyGptLibConsole -> C:\Repositories\yyGptLib\yyGptLibConsole\bin\Publish\win-x64\
        Archive file created: C:\Repositories\Resources\Archives\yyGptLib\yyGptLibConsole-v0.4-win-x64.zip
    Nekote2018:
        stdout:
            MSBuild のバージョン 17.9.4+90725d08d (.NET)
              復元対象のプロジェクトを決定しています...
              C:\Repositories\Nekote2018\Nekote2018\Nekote2018.csproj を復元しました (486 ms)。
              Nekote2018 -> C:\Repositories\Nekote2018\Nekote2018\bin\Release\net8.0-windows\win-x64\Nekote2018.dll
              Nekote2018 -> C:\Repositories\Nekote2018\Nekote2018\bin\Publish\win-x64\
        Archive file created: C:\Repositories\Resources\Archives\Obsolete\Nekote2018\Nekote2018-v0.0.31-win-x64.zip
        Archive file created: C:\Repositories\Resources\Archives\Obsolete\Nekote2018\Nekote2018-v0.0.31-src.zip
    runAll:
        stdout:
            MSBuild のバージョン 17.9.4+90725d08d (.NET)
              復元対象のプロジェクトを決定しています...
              C:\Repositories\runAll\runAll\runAll.csproj を復元しました (474 ms)。
              runAll -> C:\Repositories\runAll\runAll\bin\Release\net8.0\win-x64\runAll.dll
              runAll -> C:\Repositories\runAll\runAll\bin\Publish\win-x64\
        Archive file created: C:\Repositories\Resources\Archives\Obsolete\runAll\runAll-v0.13-win-x64.zip
        Archive file created: C:\Repositories\Resources\Archives\Obsolete\runAll\runAll-v0.13-src.zip
    yyMediaTime:
        stdout:
            MSBuild のバージョン 17.9.4+90725d08d (.NET)
              復元対象のプロジェクトを決定しています...
              C:\Repositories\yyMediaTime\yyMediaTime\yyMediaTime.csproj を復元しました (466 ms)。
              yyMediaTime -> C:\Repositories\yyMediaTime\yyMediaTime\bin\Release\net8.0\win-x64\yyMediaTime.dll
              yyMediaTime -> C:\Repositories\yyMediaTime\yyMediaTime\bin\Publish\win-x64\
        Archive file created: C:\Repositories\Resources\Archives\yyMediaTime\yyMediaTime-v0.2-win-x64.zip
        Archive file created: C:\Repositories\Resources\Archives\yyMediaTime\yyMediaTime-v0.2-src.zip
    yyLibConsole:
        stdout:
            MSBuild のバージョン 17.9.4+90725d08d (.NET)
              復元対象のプロジェクトを決定しています...
              C:\Repositories\yyLib\yyLibConsole\yyLibConsole.csproj を復元しました (454 ms)。
              2 個中 1 個の復元対象のプロジェクトは最新です。
              yyLib -> C:\Repositories\yyLib\yyLib\bin\Release\net8.0\yyLib.dll
              yyLibConsole -> C:\Repositories\yyLib\yyLibConsole\bin\Release\net8.0\win-x64\yyLibConsole.dll
              yyLibConsole -> C:\Repositories\yyLib\yyLibConsole\bin\Publish\win-x64\
        Archive file created: C:\Repositories\Resources\Archives\yyLib\yyLibConsole-v0.3-win-x64.zip
    yyBom:
        stdout:
            MSBuild のバージョン 17.9.4+90725d08d (.NET)
              復元対象のプロジェクトを決定しています...
              C:\Repositories\yyBom\yyBom\yyBom.csproj を復元しました (146 ms)。
              yyBom -> C:\Repositories\yyBom\yyBom\bin\Release\net8.0\win-x64\yyBom.dll
              yyBom -> C:\Repositories\yyBom\yyBom\bin\Publish\win-x64\
        Archive file created: C:\Repositories\Resources\Archives\yyBom\yyBom-v0.1-win-x64.zip
        Archive file created: C:\Repositories\Resources\Archives\yyBom\yyBom-v0.1-src.zip
    yyDalleShortName:
        stdout:
            MSBuild のバージョン 17.9.4+90725d08d (.NET)
              復元対象のプロジェクトを決定しています...
              C:\Repositories\yyDalleShortName\yyDalleShortName\yyDalleShortName.csproj を復元しました (455 ms)。
              yyDalleShortName -> C:\Repositories\yyDalleShortName\yyDalleShortName\bin\Release\net8.0\win-x64\yyDalleShortName.dll
              yyDalleShortName -> C:\Repositories\yyDalleShortName\yyDalleShortName\bin\Publish\win-x64\
        Archive file created: C:\Repositories\Resources\Archives\yyDalleShortName\yyDalleShortName-v0.2-win-x64.zip
        Archive file created: C:\Repositories\Resources\Archives\yyDalleShortName\yyDalleShortName-v0.2-src.zip
    photoPage:
        stdout:
            MSBuild のバージョン 17.9.4+90725d08d (.NET)
              復元対象のプロジェクトを決定しています...
              C:\Repositories\photoPage\photoPage\photoPage.csproj を復元しました (423 ms)。
              photoPage -> C:\Repositories\photoPage\photoPage\bin\Release\net8.0-windows\win-x64\photoPage.dll
              photoPage -> C:\Repositories\photoPage\photoPage\bin\Publish\win-x64\
        Archive file created: C:\Repositories\Resources\Archives\Obsolete\photoPage\photoPage-v0.4-win-x64.zip
        Archive file created: C:\Repositories\Resources\Archives\Obsolete\photoPage\photoPage-v0.4-src.zip
    yyMailLib:
        stdout:
            MSBuild のバージョン 17.9.4+90725d08d (.NET)
              復元対象のプロジェクトを決定しています...
              C:\Repositories\yyMailLib\yyMailLib\yyMailLib.csproj を復元しました (368 ms)。
              yyMailLib -> C:\Repositories\yyMailLib\yyMailLib\bin\Release\net8.0\win-x64\yyMailLib.dll
              yyMailLib -> C:\Repositories\yyMailLib\yyMailLib\bin\Publish\win-x64\
        Archive file created: C:\Repositories\Resources\Archives\yyMailLib\yyMailLib-v0.3-win-x64.zip
        Archive file created: C:\Repositories\Resources\Archives\yyMailLib\yyMailLib-v0.3-src.zip
    yyMailLibConsole:
        stdout:
            MSBuild のバージョン 17.9.4+90725d08d (.NET)
              復元対象のプロジェクトを決定しています...
              C:\Repositories\yyMailLib\yyMailLibConsole\yyMailLibConsole.csproj を復元しました (448 ms)。
              2 個中 1 個の復元対象のプロジェクトは最新です。
              yyMailLib -> C:\Repositories\yyMailLib\yyMailLib\bin\Release\net8.0\yyMailLib.dll
              yyMailLibConsole -> C:\Repositories\yyMailLib\yyMailLibConsole\bin\Release\net8.0\win-x64\yyMailLibConsole.dll
              yyMailLibConsole -> C:\Repositories\yyMailLib\yyMailLibConsole\bin\Publish\win-x64\
        Archive file created: C:\Repositories\Resources\Archives\yyMailLib\yyMailLibConsole-v0.3-win-x64.zip
    NekoteConsole2018:
        stdout:
            MSBuild のバージョン 17.9.4+90725d08d (.NET)
              復元対象のプロジェクトを決定しています...
              C:\Repositories\Nekote2018\NekoteConsole2018\NekoteConsole2018.csproj を復元しました (538 ms)。
              2 個中 1 個の復元対象のプロジェクトは最新です。
              Nekote2018 -> C:\Repositories\Nekote2018\Nekote2018\bin\Release\net8.0-windows\Nekote2018.dll
              NekoteConsole2018 -> C:\Repositories\Nekote2018\NekoteConsole2018\bin\Release\net8.0-windows\win-x64\NekoteConsole2018.dll
              NekoteConsole2018 -> C:\Repositories\Nekote2018\NekoteConsole2018\bin\Publish\win-x64\
        Archive file created: C:\Repositories\Resources\Archives\Obsolete\Nekote2018\NekoteConsole2018-v0.0.31-win-x64.zip
    tk2TextShared:
        stdout:
            MSBuild のバージョン 17.9.4+90725d08d (.NET)
              復元対象のプロジェクトを決定しています...
              C:\Repositories\tk2Text\tk2TextShared\tk2TextShared.csproj を復元しました (326 ms)。
              tk2TextShared -> C:\Repositories\tk2Text\tk2TextShared\bin\Release\net8.0\win-x64\tk2TextShared.dll
              tk2TextShared -> C:\Repositories\tk2Text\tk2TextShared\bin\Publish\win-x64\
        Archive file created: C:\Repositories\Resources\Archives\Obsolete\tk2Text\tk2TextShared-v0.22-win-x64.zip
        Archive file created: C:\Repositories\Resources\Archives\Obsolete\tk2Text\tk2Text-v0.22-src.zip
    tkView:
        stdout:
            MSBuild のバージョン 17.9.4+90725d08d (.NET)
              復元対象のプロジェクトを決定しています...
              C:\Repositories\tk2Text\tkView\tkView.csproj を復元しました (441 ms)。
              2 個中 1 個の復元対象のプロジェクトは最新です。
              tk2TextShared -> C:\Repositories\tk2Text\tk2TextShared\bin\Release\net8.0\tk2TextShared.dll
              tkView -> C:\Repositories\tk2Text\tkView\bin\Release\net8.0-windows\win-x64\tkView.dll
              tkView -> C:\Repositories\tk2Text\tkView\bin\Publish\win-x64\
        Archive file created: C:\Repositories\Resources\Archives\Obsolete\tk2Text\tkView-v0.22-win-x64.zip
    srcZip:
        stdout:
            MSBuild のバージョン 17.9.4+90725d08d (.NET)
              復元対象のプロジェクトを決定しています...
              C:\Repositories\srcZip\srcZip\srcZip.csproj を復元しました (2.99 sec)。
              srcZip -> C:\Repositories\srcZip\srcZip\bin\Release\net8.0\win-x64\srcZip.dll
              srcZip -> C:\Repositories\srcZip\srcZip\bin\Publish\win-x64\
        Archive file created: C:\Repositories\Resources\Archives\Obsolete\srcZip\srcZip-v0.3-win-x64.zip
        Archive file created: C:\Repositories\Resources\Archives\Obsolete\srcZip\srcZip-v0.3-src.zip
    repoCheck:
        stdout:
            MSBuild のバージョン 17.9.4+90725d08d (.NET)
              復元対象のプロジェクトを決定しています...
              C:\Repositories\repoCheck\repoCheck\repoCheck.csproj を復元しました (152 ms)。
              repoCheck -> C:\Repositories\repoCheck\repoCheck\bin\Release\net8.0\win-x64\repoCheck.dll
              repoCheck -> C:\Repositories\repoCheck\repoCheck\bin\Publish\win-x64\
        Archive file created: C:\Repositories\Resources\Archives\Obsolete\repoCheck\repoCheck-v0.4-win-x64.zip
        Archive file created: C:\Repositories\Resources\Archives\Obsolete\repoCheck\repoCheck-v0.4-src.zip
    yyGptBookLib:
        stdout:
            MSBuild のバージョン 17.9.4+90725d08d (.NET)
              復元対象のプロジェクトを決定しています...
              C:\Repositories\yyGptBook\yyGptBookLib\yyGptBookLib.csproj を復元しました (102 ms)。
              yyGptBookLib -> C:\Repositories\yyGptBook\yyGptBookLib\bin\Release\net8.0\win-x64\yyGptBookLib.dll
              yyGptBookLib -> C:\Repositories\yyGptBook\yyGptBookLib\bin\Publish\win-x64\
        Archive file created: C:\Repositories\Resources\Archives\yyGptBook\yyGptBookLib-v0.1-win-x64.zip
        Archive file created: C:\Repositories\Resources\Archives\yyGptBook\yyGptBook-v0.1-src.zip
    yyGptBook:
        stdout:
            MSBuild のバージョン 17.9.4+90725d08d (.NET)
              復元対象のプロジェクトを決定しています...
              C:\Repositories\yyGptBook\yyGptBook\yyGptBook.csproj を復元しました (555 ms)。
              2 個中 1 個の復元対象のプロジェクトは最新です。
              yyGptBookLib -> C:\Repositories\yyGptBook\yyGptBookLib\bin\Release\net8.0\yyGptBookLib.dll
              yyGptBook -> C:\Repositories\yyGptBook\yyGptBook\bin\Release\net8.0\win-x64\yyGptBook.dll
              yyGptBook -> C:\Repositories\yyGptBook\yyGptBook\bin\Publish\win-x64\
        Archive file created: C:\Repositories\Resources\Archives\yyGptBook\yyGptBook-v0.1-win-x64.zip
    fileDel:
        stdout:
            MSBuild のバージョン 17.9.4+90725d08d (.NET)
              復元対象のプロジェクトを決定しています...
              C:\Repositories\fileDel\fileDel\fileDel.csproj を復元しました (144 ms)。
              fileDel -> C:\Repositories\fileDel\fileDel\bin\Release\net8.0\win-x64\fileDel.dll
              fileDel -> C:\Repositories\fileDel\fileDel\bin\Publish\win-x64\
        Archive file created: C:\Repositories\Resources\Archives\Obsolete\fileDel\fileDel-v0.3-win-x64.zip
        Archive file created: C:\Repositories\Resources\Archives\Obsolete\fileDel\fileDel-v0.3-src.zip
    NekoteConsole:
        stdout:
            MSBuild のバージョン 17.9.4+90725d08d (.NET)
              復元対象のプロジェクトを決定しています...
              C:\Repositories\Nekote\NekoteConsole\NekoteConsole.csproj を復元しました (585 ms)。
              2 個中 1 個の復元対象のプロジェクトは最新です。
              Nekote -> C:\Repositories\Nekote\Nekote\bin\Release\net8.0\Nekote.dll
              NekoteConsole -> C:\Repositories\Nekote\NekoteConsole\bin\Release\net8.0\win-x64\NekoteConsole.dll
              NekoteConsole -> C:\Repositories\Nekote\NekoteConsole\bin\Publish\win-x64\
        Archive file created: C:\Repositories\Resources\Archives\Obsolete\Nekote\NekoteConsole-v0.0.5-win-x64.zip
    taskKiller:
        stdout:
            MSBuild のバージョン 17.9.4+90725d08d (.NET)
              復元対象のプロジェクトを決定しています...
              C:\Repositories\taskKiller\taskKiller\taskKiller.csproj を復元しました (469 ms)。
              taskKiller -> C:\Repositories\taskKiller\taskKiller\bin\Release\net8.0-windows\win-x64\taskKiller.dll
              taskKiller -> C:\Repositories\taskKiller\taskKiller\bin\Publish\win-x64\
        Archive file created: C:\Repositories\Resources\Archives\Obsolete\taskKiller\taskKiller-v0.61-win-x64.zip
        Archive file created: C:\Repositories\Resources\Archives\Obsolete\taskKiller\taskKiller-v0.61-src.zip
    flayground:
        stdout:
            MSBuild のバージョン 17.9.4+90725d08d (.NET)
              復元対象のプロジェクトを決定しています...
              C:\Repositories\flayground\flayground\flayground.csproj を復元しました (157 ms)。
              flayground -> C:\Repositories\flayground\flayground\bin\Release\net8.0\win-x64\flayground.dll
              flayground -> C:\Repositories\flayground\flayground\bin\Publish\win-x64\
        Archive file created: C:\Repositories\Resources\Archives\Obsolete\flayground\flayground-v0.4-win-x64.zip
        Archive file created: C:\Repositories\Resources\Archives\Obsolete\flayground\flayground-v0.4-src.zip
    tk2Text:
        stdout:
            MSBuild のバージョン 17.9.4+90725d08d (.NET)
              復元対象のプロジェクトを決定しています...
              C:\Repositories\tk2Text\tk2Text\tk2Text.csproj を復元しました (477 ms)。
              2 個中 1 個の復元対象のプロジェクトは最新です。
              tk2TextShared -> C:\Repositories\tk2Text\tk2TextShared\bin\Release\net8.0\tk2TextShared.dll
              tk2Text -> C:\Repositories\tk2Text\tk2Text\bin\Release\net8.0\win-x64\tk2Text.dll
              tk2Text -> C:\Repositories\tk2Text\tk2Text\bin\Publish\win-x64\
        Archive file created: C:\Repositories\Resources\Archives\Obsolete\tk2Text\tk2Text-v0.22-win-x64.zip
    yyTodoMail:
        stdout:
            MSBuild のバージョン 17.9.4+90725d08d (.NET)
              復元対象のプロジェクトを決定しています...
              C:\Repositories\yyTodoMail\yyTodoMail\yyTodoMail.csproj を復元しました (640 ms)。
              yyTodoMail -> C:\Repositories\yyTodoMail\yyTodoMail\bin\Release\net8.0\win-x64\yyTodoMail.dll
              yyTodoMail -> C:\Repositories\yyTodoMail\yyTodoMail\bin\Publish\win-x64\
        Archive file created: C:\Repositories\Resources\Archives\yyTodoMail\yyTodoMail-v0.3-win-x64.zip
        Archive file created: C:\Repositories\Resources\Archives\yyTodoMail\yyTodoMail-v0.3-src.zip
