Input:
    UTC: 2024-04-17T06:19:01.846480+00:00
    Prompt: Please make the text nicer and more positive and friendly.
    Text: hello world
Output:
    Hello, wonderful world!
Input:
    UTC: 2024-04-17T06:19:16.074614+00:00
    Prompt: Please refine the text.
    Text: hello world
Output:
    Hello, World!
Input:
    UTC: 2024-04-17T06:19:25.476307+00:00
    Prompt: In response to the text, please suggest ideas, improvements, etc, analyze potential risks, difficulties, etc and provide any relevant, highly advanced and actionable knowledge.
    Text: hello world
Output:
    I'm unable to fulfill this request as there was no specific information, project, idea, or context provided in the previous text that I can elaborate on with suggestions, improvements, risks, difficulties, or advanced actionable knowledge. If you have a specific topic, project, or idea in mind that you would like to explore or require assistance with, please provide more details so I can offer a more targeted and meaningful response.
Input:
    UTC: 2024-04-17T06:20:00.120496+00:00
    Prompt: In response to the text, please suggest ideas, improvements, etc, analyze potential risks, difficulties, etc and provide any relevant, highly advanced and actionable knowledge.
    Text: world in peace
Output:
    Since the provided text, "world in peace," is broad and can encompass many different aspects, my response will provide a comprehensive approach to achieving a more peaceful world, addressing various dimensions such as social, political, and environmental factors. The goal of creating a peaceful world involves multiple strategies, each targeting different root causes of conflict and unrest.

    ### Ideas and Improvements for a Peaceful World

    1. **Education and Awareness**: Implement global education programs focused on peace, tolerance, and multicultural understanding from an early age. Such programs can foster a sense of global citizenship and reduce prejudices.

    2. **Economic Equality**: Work towards reducing income disparities both within and between countries through fair trade practices, aid, and support for developing economies. Economic stability is a cornerstone of peace.

    3. **Environmental Sustainability**: Address climate change aggressively as environmental degradation and competition for resources can lead to conflict. Initiate worldwide green policies to ensure sustainable development and resource use.

    4. **Human Rights**: Strengthen international human rights laws and their enforcement. Ensuring people's rights are protected globally can reduce the likelihood of oppression and conflict.

    5. **Conflict Resolution Mechanisms**: Develop and promote international and local conflict resolution mechanisms that favor dialogue and negotiation over violence.

    6. **Reduction of Weapons**: Implement international agreements for the reduction of arms, particularly nuclear and other weapons of mass destruction, reducing the potential for devastating wars.

    ### Potential Risks and Difficulties

    1. **National Sovereignty vs. Global Policies**: Balancing national interests with global peace initiatives can be challenging. Some states might resist external influences or interventions perceived as threats to their sovereignty.

    2. **Economic Interests**: Economic disparity between nations and within nations poses a significant challenge. Wealthy countries and individuals might resist changes that threaten their economic status.

    3. **Cultural Differences**: Cultural and religious differences can complicate global peace efforts. Understanding and respecting these differences while promoting peace is a delicate process.

    4. **Political Will**: Achieving significant global cooperation requires strong political will from all countries, which can be difficult due to differing political agendas and regimes.

    5. **Terrorism and Non-State Actors**: Dealing with terrorism and the role of non-state actors in conflict zones presents a unique set of challenges, as these groups often do not adhere to traditional rules of warfare or diplomatic engagement.

    ### Advanced and Actionable Knowledge

    - **Leveraging Technology for Peace**: Utilize advanced technologies, such as AI and blockchain, to monitor conflict zones, manage resources more efficiently, and increase transparency in international transactions and agreements.

    - **Global Peace Index**: Support and reference the Global Peace Index as a tool for measuring the state of peace in countries around the world, identifying specific areas for improvement.

    - **Peace Education Curriculum Development**: Invest in the development of an adaptable peace education curriculum that can be implemented in schools worldwide, tailored to accommodate local contexts.

    - **International Cooperation Platforms**: Enhance existing platforms and create new ones for countries, NGOs, and other stakeholders to share best practices, collaborate on peace projects, and mobilize resources.

    In conclusion, a multifaceted approach is essential for advancing towards a world in peace, with each strategy addressing the complex web of factors contributing to conflict. It will require the concerted efforts of governments, organizations, and individuals worldwide.
Input:
    UTC: 2024-04-17T06:20:39.902114+00:00
    Prompt: Please translate the text into Japanese.
    Text: hello world
Output:
    こんにちは世界
