UTC: 2024-04-21T01:54:59.164321+00:00
File: pyddle/pyddle_path.py
Prompt: Potential issues and improvements, as many and detailed as possible, please.
Code Tokens: 1026
Response Tokens: 679

The provided code snippet is robust in its attempt to cover multiple facets of path and file name validation on Windows. However, there are several areas where improvements or reassessments could be beneficial:

1. **Code Maintainability and Readability:**
   - The `WINDOWS_RESERVED_FILE_NAMES` list contains nested lists which could potentially complicate future additions or modifications. A flatter structure or a different data organization might simplify handling these names.
   - Using comments to explain complex or non-intuitive code blocks could increase readability. For example, explaining the rationale behind the specific checks in `is_windows_reserved_file_name` could be helpful for future maintainers.
   
2. **Performance Considerations:**
   - The functions `contains_invalid_file_name_chars` and `is_windows_reserved_file_name` iterate over each character in a file name and, separately, over each reserved name. While this may not be an issue for short strings, with very long file names or extensive modifications to the reserved names list, performance could degrade. Memoization or employing a more efficient searching algorithm could mitigate this.
   - The `dirname` and `basename` functions call `pstring.last_index_of_any` each time they are invoked, potentially leading to duplicate work if both functions are used together. Calculating the index once and reusing it could be more efficient.
   
3. **Functionality and Coverage:**
   - The script does not currently handle characters that are valid in file names but may cause issues in specific contexts, such as Unicode characters that look similar to ASCII characters (homoglyphs) which can pose security risks.
   - The validation does not consider the total path length, which can be a limitation in both Windows and Unix-like systems. For instance, Windows has a MAX_PATH limitation of 260 characters, although this can be worked around with certain settings.
   - The `is_valid_file_name` function documentation mentions it does not check for ".." or overly long file names but does not provide guidance or function stubs for these checks. Implementing or suggesting implementation strategies for these checks could make the function more comprehensive.
   
4. **Potential Errors and Edge Cases:**
   - The check for Windows reserved names appears to exclusively consider names with three or four characters, potentially overlooking edge cases or future expansions. For instance, checking the length strictly to 3 or 4 might exclude valid checks for "COM10" or higher, which are also reserved.
   - There is no direct handling of case sensitivity across different filesystems. File name validation that works on Windows might not work on Unix-like systems due to case sensitivity differences.
   
5. **Code Organization:**
   - Splitting the code into smaller, logical modules or files based on functionality (path validation, file name validation, etc.) could improve organization and testability.
   
6. **Testing and Documentation:**
   - Including unit tests and examples of use in the documentation would greatly enhance the usability and reliability of the functions provided.
   - The external references (links) provided in the comments are helpful, but ensuring these links are kept up to date and verifying their contents regularly is important for maintaining the validity of the documentation.

In summary, while the provided code offers a good foundation for path and file name validation, there are several areas where improvements could enhance maintainability, performance, functionality, and robustness.
