UTC: 2024-04-21T01:49:50.231458+00:00
File: pyddle/output_locale_aliases.py
Prompt: Potential issues and improvements, as many and detailed as possible, please.
Code Tokens: 155
Response Tokens: 802

The provided script aims to output all locale aliases using the Python `locale` module along with additional fictional modules (assuming fictional for the context of this explanation) such as `pyddle_debugging`, `pyddle_file_system`, and `pyddle_global`. Here are potential issues and areas for improvement:

1. **Use of Fictional Modules:**
   - The script includes imports for `pyddle_debugging`, `pyddle_file_system`, and `pyddle_global` modules which are not standard Python libraries nor commonly known third-party libraries. If these are custom modules specific to a project, including brief comments about their functionality or ensuring documentation is accessible would be beneficial for maintainability and for new developers.

2. **Exception Handling:**
   - The script lacks try-except blocks, particularly around file operations and working with external modules. Adding exception handling would make the script more robust, especially in cases where file operations fail (e.g., due to permission issues) or if the `locale` module does not behave as expected.

3. **Locale Alias Reference:**
   - The script uses `locale.locale_alias.items()` without first checking if `locale_alias` is available and populated as expected. Although typically reliable, it is good practice to verify that the data structure is in the expected state before iterating over it, especially in more complex applications where locale settings might be modified.

4. **File Encoding:**
   - The script opens a file and supposedly writes with a UTF encoding BOM (Byte Order Mark). While this is generally good for compatibility, it’s important to ensure that all potential platforms where this script could run will handle BOM correctly. Some applications or systems may not expect a BOM, leading to issues when reading the file.

5. **Path Handling:**
   - The script uses `pglobal.set_main_script_file_path(__file__)` and `pfs.make_and_move_to_output_subdirectory()`. These function calls suggest that the script is manipulating the current working directory and setting paths based on the script’s location. This could be problematic if the script is not designed to run in different environments or if the current working directory is used by other parts of the application. A more flexible approach might involve configuring output paths without changing the working directory.

6. **Platform-Specific Line Endings:**
   - The comment mentions line endings will be converted to the default one for the platform. This is generally handled well by Python when writing files in text mode, but explicitly specifying the desired line ending in file operations could improve portability and predictability of the script’s output.

7. **Documentation and Inline Comments:**
   - The script would benefit from more detailed comments and documentation, explaining the purpose of each module, the expected environment, and any assumptions made by the script. This is especially important given the use of non-standard libraries and the specifics of file and directory manipulation.

8. **Output Verbose to Console:**
   - Printing each locale alias to the console as well as writing to the file may be excessive, especially if there are many aliases. It might be beneficial to include a verbosity flag or configuration setting to control the amount of output displayed on the console.

9. **Hardcoded Output File Name:**
   - The output file name "output_locale_aliases.txt" is hardcoded. For improved flexibility, consider allowing the output file name and path to be configurable, either through command-line arguments, a configuration file, or environment variables.

10. **Debugging and Continuation Interaction:**
    - The call to `pdebugging.display_press_enter_key_to_continue_if_not_debugging()` suggests an interactive step that may not be suitable for all environments, especially automated ones. Providing a way to disable such interactions or detecting when the script runs in a non-interactive session could enhance usability.

Implementing these improvements would not only make the script more robust and maintainable but also more adaptable to different environments and use cases.
