UTC: 2024-04-22T02:18:31.406595+00:00
File: pyddle/output_available_timezones.py
Prompt: Bugs, issues, logical errors and whatever that must be fixed, please. Considering the balance between the productivity of development and the quality of code, I have little intention to implement more precise error handling, singleton-based designs, less use of hardcoded literals, more efficient algorithms, etc. They surely will make my code better, but my current priority is not efficiency; as long as the code is safe, secure and stable, performance and scalability can come later. So, please tell me only what I absolutely have to fix.
Code Tokens: 153
Response Tokens: 623

Based on your preferences and the objective to prioritize safety, security, and stability over efficiency and scalability, I'll focus on elements that could directly impact the operation of your script in unintended ways. Here's what you should consider addressing:

1. **Module Imports**:
    - Check if `pyddle_debugging`, `pyddle_file_system`, and `pyddle_global` are valid and correctly named modules. If these are custom modules you've created, ensure they're accessible (i.e., in your Python path) to avoid `ModuleNotFoundError`.
    - Since `zoneinfo` is part of the standard library (Python 3.9+), its import is fine, but ensure your environment is using an appropriate Python version.

2. **zoneinfo.available_timezones()**:
    - This call is correct and doesn't need changes. However, ensure the `tzdata` package is installed since `zoneinfo` relies on it. You've included a comment about installing `tzdata`, which is good practice.

3. **Writing to a File**:
    - Your usage of `pfs.open_file_and_write_utf_encoding_bom("output_available_timezones.txt")` suggests that you're opening a file with a specific function from a custom package. Ensure that this function correctly implements file opening, writing with UTF encoding BOM, and safe closing in case of errors. The standard approach would use the `with open(filename, 'w', encoding='utf-8-sig') as file:` for writing with UTF BOM. If your custom function handles these aspects correctly, then it's fine.

4. **Path Handling**:
    - The script uses `pglobal.set_main_script_file_path(__file__)` and `pfs.make_and_move_to_output_subdirectory()`. Ensure these functions correctly handle paths across different operating systems to avoid path-related issues.
    - Consider exception handling around your path manipulations, especially if directories don't exist or there are permissions issues.

5. **Error Handling**:
    - While you've mentioned not wanting to delve into precise error handling, basic error checking for file operations and directory manipulations could prevent crashes or unhandled exceptions. A simple try-except block around critical operations can greatly improve stability without significant overhead.
    
6. **Script Documentation**:
    - Your comment at the beginning is useful, but ensure any external dependency (like `tzdata`) is documented, possibly with instructions on how to resolve common issues. You've done this, which is good practice.

7. **Security Considerations**:
    - Since your script doesn't involve web interaction, external user input, or execution of dynamically determined commands, the main security concerns would be around handling files and directories. Ensure that your path handling doesn't expose sensitive directories or allow directory traversal exploits through manipulation of `__file__` or other inputs.

In summary, your focus should be on validating your custom modules work as expected, ensuring compatibility with the Python version you're using, and maybe adding minimal error handling around file and directory operations for improved stability.
