UTC: 2024-04-21T01:59:56.382034+00:00
File: pyddle/write_and_read_settings.py
Prompt: Potential issues and improvements, as many and detailed as possible, please.
Code Tokens: 1434
Response Tokens: 856

The provided script demonstrates handling various data types (e.g., integers, floats, strings, lists, tuples, booleans, bytes, and `None`) across different storage formats (INI, JSON, XML, CSV, SQLite database). While it is an extensive example of data manipulation and storage in Python, there are several potential issues and areas for improvement:

### General Issues and Improvements

1. **Error Handling:** The script lacks error handling, which is crucial for robust scripts, especially when dealing with file operations and database connections. Incorporating `try...except` blocks could make the script more reliable, preventing it from crashing due to common issues like file permissions or missing directories.

2. **Function Decomposition:** The script performs all operations sequentially in a single script without using functions. Refactoring the code into functions (e.g., `write_ini`, `read_ini`, `write_json`, `read_json`, etc.) could improve readability, reusability, and make the script more modular.

3. **Global Variables:** The script uses numerous global variables. Encapsulating these within functions or a class could make the code cleaner and reduce potential conflicts in larger systems.

4. **Hardcoded Filenames:** File names are hardcoded. Using configurable file paths or constants defined at the beginning of the script would increase flexibility.

5. **Comments and Documentation:** While there are some comments, the script could benefit from more detailed documentation, especially describing the purpose of each section and the expected input/output data formats.

### Format-Specific Issues and Improvements

#### INI
- **Data Type Limitation:** INI files are not ideal for complex data structures, and the script converts all values to strings. This loses type information which might not always be desirable. Mentioning this limitation or providing a method to retain type information upon reading the data back could be helpful.

#### JSON
- **Bytes Handling:** The script converts bytes to a Base64 string to store in JSON. This approach is valid but requires manual encoding/decoding. It might be beneficial to abstract this process into functions to clean up the main script logic.

#### XML
- **Complex Data Types:** Like with INI, the XML format might not directly support complex types (e.g., lists, tuples). The script converts everything to strings, which may not be ideal for all use cases.

#### CSV
- **Data Structure Limitation:** CSV is not designed for hierarchical data. The script stores each key-value pair in rows, but complex data types are converted to strings, and there's no straightforward way to reconstruct the original data types. Addressing this limitation or choosing a more suitable format for complex data might be necessary.

#### SQLite
- **Schema Rigidity:** The database schema is very simple and not fully normalized, with an `update_count` adding some functionality but potentially limiting the types of data that can be effectively stored. Considering a more flexible schema or explaining the chosen schema’s limitations and use cases would be helpful.
- **Connection and Cursor Management:** Using context managers (`with` statements) for database connections and cursors can ensure that resources are properly closed, even if errors occur.

### Code Quality and Efficiency
- **Use of External Modules:** The script refers to custom modules (e.g., `pyddle_debugging`) whose functionality isn't explained. Ensuring that these modules are necessary and documenting their purposes would make the script more understandable to others.
- **Repeated Code:** There's some repetition, especially in file handling and data type conversion. Refactoring to eliminate repetition could make the script shorter and easier to maintain.

### Platform and Environment Considerations
- **Database File Path:** The SQLite database file path is relative, which can cause issues depending on the script's execution context. Using an absolute path or a configurable path could make the script more versatile.

### Security
- **File Handling Security:** When dealing with file operations, especially in a script that might be used in different environments, considering security implications (such as directory traversal attacks) is important. Validating or sanitizing file names and paths can mitigate potential vulnerabilities.

Addressing these issues and incorporating the suggested improvements can significantly enhance the script, making it more robust, maintainable, and user-friendly.
