UTC: 2024-04-21T01:51:40.389137+00:00
File: pyddle/pyddle_datetime.py
Prompt: Potential issues and improvements, as many and detailed as possible, please.
Code Tokens: 272
Response Tokens: 750

1. **TypeError in `get_utc_now()` Function**:
   - The given script attempts to use `datetime.datetime.now(datetime.UTC)`, which will raise an AttributeError because `datetime.UTC` does not exist. The correct usage to get the current time in UTC is `datetime.datetime.now(datetime.timezone.utc)` or `datetime.datetime.utcnow()`. However, using `utcnow()` will not attach timezone information to the returned datetime object. It's advisable to use `datetime.datetime.now(datetime.timezone.utc)` to ensure the datetime object is timezone-aware.

2. **Incorrect Comment about .NET Code**:
   - The comment in the script talks about generating UTC timestamps like "20240307T074742-5919023Z" in .NET. However, this example and description suggest incorrect formatting, particularly the "-5919023Z" part appears to refer to a timezone or offset which is not formatted according to standard conventions. It's likely a misunderstanding or typo. Normally, UTC strings don't include millisecond-level precision in the timezone offset.

3. **Misleading Naming of `roundtrip_string_to_utc`**:
   - The function name `roundtrip_string_to_utc` is not entirely clear. It implies that the input string is not already in UTC, which can be confusing since the primary purpose is to parse a datetime string that is presumably in UTC format back into a datetime object. A clearer name could be `parse_utc_from_isoformat_string` to explicitly state what the function is doing.

4. **Inaccurate Description in `utc_to_roundtrip_file_name_string`**:
   - The function aims to return a string with microseconds (`%f`) directly followed by a 'Z'. However, the format description `'%Y%m%dT%H%M%S-%fZ'` inaccurately suggests a negative sign before the microseconds, which does not make sense in this context. Usually, the 'Z' denotes Zulu time (another way to indicate UTC), and there should not be a hyphen before it. The correct format should likely be `'%Y%m%dT%H%M%S%fZ'` omitting the erroneous '-' or understanding the '-' was meant to demonstrate a different formatting choice which isn't standard for UTC timestamp representations.

5. **Potential Issue with Microsecond Precision**:
   - The script mentions an attempt to match a specific .NET string format in Python with microseconds precision. However, it's important to note that the default `isoformat()` method and `strftime` with `%f` will represent microseconds on a six-digit scale. If the target system or specification expects a different precision level, this discrepancy needs to be explicitly handled. For instance, the .NET example seems to suggest seven digits for the fractional part, which isn't directly achievable with the standard Python format codes.

6. **Lack of Error Handling in `roundtrip_string_to_utc`**:
   - The function `roundtrip_string_to_utc(str_)` directly parses the input string with `fromisoformat` without any form of error handling. If the input string does not conform to the ISO format, this will result in a `ValueError`. It's recommended to wrap such conversions in try-except blocks or validate the input format beforehand to provide more informative error messages or fallbacks.

7. **Inconsistency in Documentation and Naming**:
   - The functions and their documentation vary in how they refer to timezone-aware datetime strings. It might help maintain consistency across function names and documentation, ensuring that they all clearly communicate their operations are with UTC or timezone-aware datetime objects.

These points cover potential areas for improvement, focusing on accuracy, clarity, and robustness of the code as well as its documentation.
