UTC: 2024-04-21T01:51:04.873389+00:00
File: pyddle/pyddle_collections.py
Prompt: Potential issues and improvements, as many and detailed as possible, please.
Code Tokens: 245
Response Tokens: 746

The provided code snippet outlines a class named `PotentiallyFalsyArgs` aimed at handling argument verification and storage with a focus on enforced presence and optional inclusion, specializing further in dealing with enum values. Here’s a detailed critique of potential issues and areas for improvement:

1. **Exception Handling for Missing Arguments:**
   - The method to enforce argument presence (`must_contain`, `must_contain_enum_name`, and `must_contain_enum_value`) utilizes `RuntimeError` to signal missing arguments. While `RuntimeError` is a generic exception class in Python, using more specific exceptions, like `ValueError` or a custom exception class, could improve clarity and allow for more refined exception handling by users of this class.

2. **Redundant Checks for Value Presence:**
   - Each method performs a check `if not value` to determine if a value is provided. This approach might not differentiate between `None`, `False`, `0`, or similar "falsy" values that could be legitimate inputs, depending on the application. A more nuanced check or explicit `None` check (`if value is not None`) might be more appropriate, depending on the intended use case.

3. **Enum Handling:**
   - Methods `must_contain_enum_name` and `must_contain_enum_value` and their optional counterparts assume that the `value` parameter is an enum. It would be prudent to add a check to ensure `value` is indeed an enum instance or a member of an enum class, using something like `isinstance(value, Enum)` from the `enum` module to prevent unintended type issues.
   - These methods directly access the `.name` and `.value` attributes of the `value` parameter. While this is standard for enum members, implicit assumptions about parameter attributes can introduce bugs if non-enum values are mistakenly passed.

4. **Lack of Type Annotations:**
   - The Python code lacks type annotations, which are helpful for static type checking and documentation. For instance, parameters and return types could be annotated to enhance readability and maintainability. For the `value` parameter in enum methods, the type hint could be `Enum`.

5. **Error Feedback Could Be More Informative:**
   - The error messages provide the key but not the reason why a non-None `value` is required. Including more context about the requirement (e.g., "non-null") or expected type (e.g., "Expected enum member, got None") in the error messages could aid debugging.

6. **Potential for Key Overwrites:**
   - There's no check to prevent overwriting an existing key-value pair in `self.args`. This could lead to unexpected results, especially in complex workflows. Implementing a check or at least a warning when attempting to overwrite an existing key might be beneficial.

7. **Improving Method Names:**
   - The method names, although descriptive, could potentially be streamlined for better readability and consistency. For example, instead of `must_contain_enum_name` and `may_contain_enum_value`, adopting a consistent naming pattern like `ensure_has_enum_name` and `add_if_enum_value` might make the method purposes clearer and the API more intuitive.

8. **Documentation and Use Examples:**
   - The class and methods would benefit greatly from docstrings explaining their purpose, parameters, and usage examples. This would assist developers in understanding the intent and correct usage without needing to dissect the code logic.

In summary, while the class provides a foundation for argument handling with an emphasis on enum support, refinements in error handling, type safety, parameter validation, naming conventions, and documentation could significantly enhance its usability and robustness.
