UTC: 2024-04-21T01:50:08.331685+00:00
File: pyddle/output_locale_encoding_alias.py
Prompt: Potential issues and improvements, as many and detailed as possible, please.
Code Tokens: 148
Response Tokens: 738

The script aims to output all locale encoding aliases to a file, and while it's generally straightforward, several potential issues and improvements stand out upon inspection:

1. **Undefined Modules:**
   - The script imports `pyddle_debugging`, `pyddle_file_system`, and `pyddle_global` modules which seem to be custom or third-party libraries. Ensuring that these libraries are properly documented, available, and maintained is crucial for the longevity and portability of this code.

2. **Error Handling:**
   - The script lacks error handling mechanisms. Encountering errors such as missing permissions to create directories or files, unavailable or unsupported locales, and other I/O errors can abruptly terminate the script, potentially leaving partial or malformed data. Implementing try-except blocks would improve robustness.

3. **Locale Encoding Alias Attribute:**
   - The script attempts to access `locale.locale_encoding_alias.items()` which is incorrect. The correct attribute is `locale.locale_alias`, and it maps locale settings to locale names, not specifically to encoding aliases. This mistake would result in an AttributeError upon execution.

4. **Use of `with` Statement for File Writing:**
   - While using a `with` statement is best practice for file operations (as it ensures proper opening and closing of the file), the function `open_file_and_write_utf_encoding_bom` as described doesn't clearly illustrate whether it's correctly managing the file context, particularly in writing the BOM (Byte Order Mark) for UTF files. Verifying that this function adheres to context management protocols is necessary.

5. **Potential Security Issues with Dynamic File Paths:**
   - The script uses `pglobal.set_main_script_file_path(__file__)` and subsequently `make_and_move_to_output_subdirectory()` without any explicit validation or sanitization of the file path. Insecure handling of file paths can lead to vulnerabilities, such as directory traversal attacks.

6. **Performance and Scalability:**
   - For a vast number of locales, writing to the file and printing to the console inside the loop may not be the most efficient approach. Accumulating output and writing in batches, or selectively enabling console output based on a verbose/debug mode, could enhance performance.

7. **Lack of Interface for User Interaction:**
   - The script doesn't provide command-line arguments or interactive prompts for specifying options, such as the output directory, filename, or choosing to execute in debug mode. Introducing argparse or a similar mechanism for configuration could make the script more flexible and user-friendly.

8. **Debugging Mechanism:**
   - The call to `pdebugging.display_press_enter_key_to_continue_if_not_debugging()` seems to suggest an attempt to pause execution or wait for user interaction under certain conditions. Clarification of its purpose and conditions under which it activates is necessary to understand its utility and whether it interrupts the script's flow unnecessarily.

9. **Hardcoded File Name:**
   - The filename "output_locale_encoding_alias.txt" is hardcoded, reducing flexibility. Permitting the filename to be specified via command line or configuration file could enhance usability.

10. **Documentation and Comments:**
    - The script lacks comments and documentation. Adding docstrings and inline comments would significantly improve readability, maintainability, and ease of use, especially for complex operations or when interfacing with custom modules.

11. **Typographical Error in Comment:**
    - The comment contains a spelling mistake: 'Typo preserved'. Attention to detail in comments is important for clarity and professionalism.

Enhancing this script with the suggested improvements would lead to better performance, usability, maintainability, and security.
