UTC: 2024-04-21T01:51:22.481613+00:00
File: pyddle/pyddle_console.py
Prompt: Potential issues and improvements, as many and detailed as possible, please.
Code Tokens: 1348
Response Tokens: 801

This script is designed to provide enhanced console output and input functionality, including colored output and structured input parsing. Below are potential issues and improvements that could enhance its utility, performance, and code quality:

### 1. Handling of `None` as a Default Argument
- Functions like `print` and `print_lines` use `None` as a default value for parameters expecting lists of strings. However, it might be more Pythonic to default to an empty list `[]`, which would simplify the checks (`if str_:`) and make the code more robust against `TypeError` when invoking methods on `None` that are only valid for lists.

### 2. Overriding Built-in Functions
- The custom `print` function overrides Python's built-in `print` function. While it’s internally swapped with `builtin_print`, this practice can be confusing for maintainers or users of the script. A unique name could be clearer, like `custom_print` or `formatted_print`.

### 3. Type Annotations
- The script uses modern Python type hints (`str | None`, `list[str] | None`), which is great for readability and static analysis. However, more complex type hints, such as for the `colors` parameter in the print functions, could benefit from using the `Optional` and `List` types from the `typing` module for clarity and consistency, especially if Python 3.9 or earlier compatibility is considered.

### 4. Dependency on External Libraries
- The script depends on `colorama` for coloring but does not handle its initialization or deinitialization (`colorama.init()` and cleanup). This might work assuming the caller handles it, but for a self-contained module, it would be prudent to ensure `colorama` is appropriately initialized within the module or document this requirement.

### 5. Error Handling
- There's minimal error handling throughout the script, especially around conversions like `get_arg_as_int` or external input/output operations. Robust error handling with try-except blocks could prevent crashes from unexpected input types or values.

### 6. Documentation and Comments
- The script contains minimal inline documentation. Docstrings for each function and class would significantly improve the code's understandability, specifying what each function expects, returns, and any side effects. Additionally, comments explaining complex or non-obvious chunks of logic could aid maintenance.

### 7. Efficiency Considerations
- In the `print_lines` function, constructing the `colors_string` inside the loop, even though it doesn’t change, is inefficient. It should be moved outside the loop. Also, this function iterates over `str_` to process each line individually, which is fine but could be optimized if the pattern or operation is known to be repeating or can be vectorized.

### 8. Consistency in String Quotation Marks
- The script mixes single (`'`) and double (`"`) quotation marks for string literals. Choosing one style for consistency (PEP 8 suggests using `'`, with `"` for strings that contain single quotes) would make the code cleaner.

### 9. Testing and Validation
- There's no indication of unit tests or validation to ensure each functionality works as expected across different platforms and Python versions. Incorporating tests would reinforce the utility and reliability of this script.

### 10. Command Parsing and Security
- The `parse_command_str` function splits input based on whitespace which is a simplistic approach and may not handle all commands robustly, especially those with quoted arguments containing spaces. Furthermore, direct parsing and execution of command strings can have security implications if not properly sanitized or validated.

### 11. Deprecation and Future-proofing
- The script should be checked against the latest Python versions to ensure no deprecated features are used and that it complies with future standards, ensuring longevity and compatibility.

##### Implementing these improvements would enhance the script’s robustness, readability, maintainability, and performance.
