UTC: 2024-04-21T01:54:07.148849+00:00
File: pyddle/pyddle_logging.py
Prompt: Potential issues and improvements, as many and detailed as possible, please.
Code Tokens: 671
Response Tokens: 743

Analyzing the provided script reveals several potential issues and improvements. The script essentially aims to provide a basic logging mechanism with lazy loading for directory and file path calculations. Here are the suggestions for enhancements and identified issues:

### 1. Module Dependency Concerns
- The script imports several custom modules (`pyddle_datetime`, `pyddle_file_system`, etc.) which are not standard Python libraries. This design choice limits the script's portability and increases its dependency on external, potentially unverified modules. Consider minimizing dependencies or ensuring these modules are well-documented and maintained.

### 2. Global Variables for State Management
- Using global variables (`__logs_directory_path`, `__log_file_path`) for lazy loading and maintaining state is not a best practice. This approach can lead to issues with code maintainability and thread safety (even though the script is intended for single-threaded applications). Consider encapsulating the state within a class where these paths can be managed as instance attributes.

### 3. Hardcoded Directory and File Naming Conventions
- The script hardcodes the "logs" directory and the log file naming convention. While this might be suitable for many use cases, a more flexible design would allow customization of these aspects through parameters or a configuration file.

### 4. Functionality Duplication
- The `log` and `log_lines` functions have overlapping functionalities. Both aim at appending given strings (with some formatting) to the logs. It might be beneficial to refactor these functions to reduce code duplication and improve maintainability.

### 5. Error Handling
- There's no visible error handling, especially in file operations (`flush` function). Implementing try-catch blocks to gracefully handle potential I/O errors would make the script more robust. 

### 6. Inefficient List Manipulation
- The script appends logs to the `pending_logs` list and then clears it upon flushing. For a large number of logs, this approach could be memory-intensive. Additionally, if flushing fails, the logs are lost. Consider writing logs to the file directly or using a more efficient in-memory structure (and perhaps periodically flushing in smaller batches to avoid data loss).

### 7. Type Annotations and Python 2 Compatibility
- The script uses Python 3.9+ type hinting (e.g., `str | None`) which is great for modern Python codebases. However, if backward compatibility is a concern, you might need to adapt these annotations or provide alternative documentation for users on older Python versions.

### 8. Documentation and Usability
- Beyond inline comments, adding a more detailed module-level docstring explaining the module's purpose, usage, and requirements (such as the need to call `pyddle_global.set_main_script_file_path()`) would enhance its usability. Providing examples could also be beneficial.

### 9. Google's Recommendation on URL Structure
- The comment about hyphens and underscores in relation to Google's recommendation seems out of context for a logging module. If this recommendation influences the naming convention, it should be clarified why this is relevant for log file names.

### 10. `os` Import Redundancy
- The script imports `os` but also seems to rely on custom modules for path and file system operations (`pyddle_file_system`, `pyddle_path`). Ensure there's no redundant functionality between these custom modules and `os`.

### Conclusion

While the script provides a foundation for a simple logging mechanism, it can benefit significantly from refactoring for improved flexibility, maintainability, and robustness. Adopting object-oriented principles, enhancing error handling, and reducing external dependencies could substantially improve its utility and user experience.
