UTC: 2024-04-21T01:47:58.394209+00:00
File: pyddle/episodic_trash.py
Prompt: Potential issues and improvements, as many and detailed as possible, please.
Code Tokens: 4842
Response Tokens: 804

The code appears to be part of a tool for managing and organizing episodic comments or notes, with functionality for creating, updating, deleting, listing, and opening episodes and their associated notes. Below are potential issues and suggestions for improvements:

### Software Design and Structure
1. **Error Handling:** The code uses broad `except` statements, which can catch all exceptions, not just those anticipated. This makes debugging more difficult and might suppress unexpected issues. It's better to catch specific exceptions.
2. **UUID as `str`:** When serializing and deserializing, UUIDs are explicitly converted to strings and vice versa. While not problematic on its own, ensuring consistency across different parts of the system to prevent type errors is crucial.
3. **Type Checking:** The use of `typing.cast` without actual type checks could lead to runtime errors if the casted object does not have the expected interface or methods.
4. **Single Responsibility Principle:** The `EpisodeInfo` and `NoteInfo` classes handle their logic and persistence (save, load). Splitting these responsibilities into separate classes (e.g., a separate data access layer) could improve maintainability and testability.

### Usability
1. **Command Interface Feedback:** Users receive "Invalid command" feedback without guidance on what valid commands are. Offering suggestions or automatically showing help when an unrecognized command is input could improve usability.
2. **Data Validation:** There's minimal validation on user inputs, such as episode or note titles. Implementing more rigorous checks (e.g., length, prohibited characters) would improve data integrity.
3. **Content Character Limit:** There's no mention of a character limit for note content. If there are technical or usability limitations, clearly communicating or enforcing these limits would be beneficial.

### Code Quality and Readability
1. **Magic Strings and Numbers:** These are used throughout (e.g., `"content is required"`, command strings, indent levels). Replacing them with named constants would improve readability and maintainability.
2. **Comments and Documentation:** While the code structure is relatively clear, adding docstrings to classes and methods would aid understanding and maintainability, especially explaining the purpose and usage of each component.
3. **Use of Enums:** The `ParentType` enum is used, but its utility and integration within the system are under-explained. Clarifying its purpose or providing more context on its use in linking notes to their parents could enhance readability.

### Scalability and Performance
1. **File System Interaction:** The system reads and writes files directly, which might not scale well with many episodes or notes. Considering a database or a more efficient storage mechanism might offer scalability and performance benefits.
2. **In-Memory Data Handling:** Large volumes of episodes or notes could lead to memory issues. Implementing a more efficient data storage and retrieval method (e.g., loading notes on-demand rather than all at once) could mitigate potential performance problems.

### Security
1. **Data Sanitization:** Before saving user inputs (like episode and note content), ensuring data is sanitized to prevent injection attacks or unintended behavior if the data is used in other contexts.
2. **File Deletion:** Direct use of `os.remove` based on user input could be risky. Validating or sandboxing file paths to prevent accidental or malicious deletion outside the intended directory is advisable.

### Maintainability
1. **Hardcoded Dependencies:** The script makes direct calls to modules like `pyddle_*` and specific methods. This makes it hard to switch out implementations or libraries. Adopting an interface-based approach or using dependency injection could make swapping out components easier.

### Testing
1. **Automated Testing:** The code lacks automated tests, making it hard to ensure correctness after changes. Adding unit tests, especially for core functionalities like serialization/deserialization, note management, and command parsing, would improve reliability.

Implementing these improvements could significantly enhance the robustness, usability, and maintainability of the tool.
