UTC: 2024-04-21T01:56:40.384584+00:00
File: pyddle/quick_action.py
Prompt: Potential issues and improvements, as many and detailed as possible, please.
Code Tokens: 1496
Response Tokens: 828

Analyzing the provided code, several potential issues and improvements are identified to enhance its functionality, performance, readability, and maintainability:

1. **Structure and Modularity**:
   - This script appears to handle multiple responsibilities (e.g., command parsing, action management, and UI interaction through the console). Refactoring to a more modular design by separating concerns into distinct components or classes could improve maintainability and testability.

2. **Error Handling**:
   - While there is a broad exception catch, more nuanced exception handling around file operations, JSON parsing, and external module interactions could prevent silent failures or provide more contextual feedback to the user about what went wrong.

3. **Command Parsing**:
   - The script uses manual command parsing, which could become cumbersome and error-prone as the complexity grows. Utilizing a dedicated command-line argument parsing library (e.g., `argparse`, `click`) could simplify the parsing logic and offer built-in help messages, argument validation, and sub-command support.

4. **Data Storage**:
   - JSON is used for storing actions. For scalability and efficiency, considering a lightweight database (like SQLite) might be beneficial, especially if the actions dataset grows in size or complexity.

5. **Global Variables**: 
   - Use of global variables (e.g., `actions`) can make the code harder to debug and understand. Encapsulating these within classes or passing them as parameters/functions could improve readability and maintainability.

6. **Efficiency in Action Searching**:
   - The current implementation of `_get_action` performs a linear search on the actions list. If the number of actions grows significantly, this could become a performance bottleneck. Implementing a more efficient search method or data structure, such as a hash map (dictionary in Python), could improve performance.

7. **Dynamic Import Statements**:
   - The script imports many modules with similar prefixes (`pyddle_`) seemingly related to various functionalities. If these modules are custom and not used by third parties, consider namespacing or packaging them under a single `pyddle` package to simplify the import statements and improve organization.

8. **Type Annotations**:
   - Adding type annotations throughout the code could enhance readability and support static analysis tools in catching type-related errors early in the development process.

9. **Logging and Debugging**:
   - The script seems to integrate logging and debugging capabilities. Ensuring that log messages are clear, informative, and appropriately leveled (info, debug, warning, error) can aid in monitoring and troubleshooting.

10. **Security Considerations**:
    - Any user input (including command arguments) should be validated and sanitized to prevent injection attacks or unintended operations, especially when dealing with file paths or executing database queries.

11. **Use of Magic String and Numbers**:
    - There are several instances where strings like "exit", "create", etc., are used directly in comparisons. These should be defined as constant variables to avoid typos and facilitate changes.

12. **Consistency in Naming Conventions**:
    - There's mixed usage of underscores and camelCase in variable names. Picking one naming convention and sticking with it can improve the code's readability.

13. **Use of Deprecated or Unconventional Libraries**:
    - Ensure that the libraries used are up-to-date and follow Python's conventions (e.g., `pfs.open_file_and_write_utf_encoding_bom` might be replaced with Python's built-in `open` function with the appropriate parameters).

14. **Compatibility and Dependency Management**:
    - Ensure the code is compatible with the versions of Python and third-party libraries it depends on. Using a virtual environment and specifying dependencies in a `requirements.txt` file or using a tool like Poetry can help manage these dependencies effectively.

15. **Documentation and Comments**:
    - While there are some comments, more comprehensive documentation, especially for functions, their parameters, returns, and any side effects, would be beneficial. Documenting the purpose and usage of each module at the beginning can also enhance understandability for new contributors or maintainers.
