UTC: 2024-04-21T01:49:01.541848+00:00
File: pyddle/low_priority_queue.py
Prompt: Potential issues and improvements, as many and detailed as possible, please.
Code Tokens: 6081
Response Tokens: 1039

Analyzing the provided Python script, several potential issues and improvements stand out, which can enhance the code's efficiency, readability, understandability, and robustness. Here is a detailed breakdown:

### 1. Modularization and Code Organization
- **Issue:** The script combines multiple functionalities (task management, serialization, UI handling) into a single file. This can make the code challenging to maintain and extend.
- **Improvement:** Break down the script into modules focusing on specific aspects, e.g., task management in one module, UI handling in another, etc. This separation of concerns aids in maintenance and testing.

### 2. Exception Handling
- **Issue:** Broad exception handling (`except Exception:`) is used multiple times. This approach can mask errors and make debugging harder.
- **Improvement:** Use more specific exceptions where possible, and avoid catching generic exceptions unless re-raising them or in top-level runners.

### 3. Serialization of Task Objects
- **Issue:** Custom serialization logic is employed for `TaskInfo` objects, which might become cumbersome to maintain as the object's structure evolves.
- **Improvement:** Consider using libraries like `pydantic` or `marshmallow` that offer automatic model serialization and validation, simplifying the code.

### 4. Handling of Time Zones
- **Issue:** The script seems to consider timezone-aware datetime objects but does not explicitly specify the time zone (e.g., using `datetime.timezone.utc` instead of `datetime.UTC`).
- **Improvement:** Use `pytz` or Python 3.9+'s zoneinfo to handle time zones explicitly and consistently across the application.

### 5. Regular Expression Compilation
- **Issue:** Regular expressions inside `parse_command_str` are not pre-compiled. This can impact performance if the function is called frequently.
- **Improvement:** Compile the regular expression once using `re.compile()` and reuse the compiled object.

### 6. Redundant Code Patterns and Magic Numbers
- **Issue:** The script contains redundant code patterns (e.g., the handling of execution counts) and magic numbers (e.g., `200 / 3`).
- **Improvement:** Refactor redundant patterns into functions and replace magic numbers with named constants to improve clarity and reduce errors.

### 7. Data Validation
- **Issue:** There's minimal validation of task-related data (e.g., `times_per_week`), which might lead to inconsistent states or errors.
- **Improvement:** Implement comprehensive validation logic upon task creation or modification to ensure data integrity.

### 8. User Interface Concerns
- **Issue:** User interface logic is tightly coupled with business logic, making it hard to change the interface (e.g., converting the CLI to a web interface) without altering the core functionality.
- **Improvement:** Separate UI handling from the core application logic. Consider implementing a separate UI layer that communicates with the business logic.

### 9. Comments and Documentation
- **Issue:** While some comments are helpful, others are either too verbose or redundant, adding noise rather than value.
- **Improvement:** Review and streamline comments. Ensure they explain "why" rather than "what," which should be evident from the code itself.

### 10. Safety of `eval` in `ptype.str_to_enum_by_name`
- **Potential Issue:** If `ptype.str_to_enum_by_name` uses `eval` or similar functions to convert strings to enums, this could introduce security risks.
- **Improvement:** Validate inputs thoroughly if `eval` is used, or better yet, use safer alternatives for dynamic type conversions.

### 11. Task Deletion Feedback
- **Issue:** The script allows task deletion without explicit confirmation from the user interface perspective, increasing the risk of accidental data loss.
- **Improvement:** Implement a safer task deletion workflow that requires explicit user confirmation, perhaps with an "Are you sure?" prompt.

### 12. Inefficient Data Processing
- **Issue:** Operations like filtering tasks based on conditions are done in an imperative style, which can be inefficient and hard to read.
- **Improvement:** Use list comprehensions and built-in functions like `filter()` and `map()` for more concise and potentially more efficient data processing.

### 13. Hardcoded Strings and Paths
- **Issue:** The script contains hardcoded key prefixes and file paths, making configuration and adjustments harder.
- **Improvement:** Externalize configuration to a separate file or environment variables, making the script more adaptable and reducing the need for code changes for configuration adjustments.

### 14. Lack of Automated Testing
- **Issue:** There's no indication of tests, making regression testing difficult as the application evolves.
- **Improvement:** Implement unit tests for critical parts of the application, such as task creation, deletion, serialization, and deserialization. Use a testing framework like pytest for structured testing.

In summary, while the script provides a comprehensive approach to manage tasks, its maintainability, security, and efficiency can be significantly improved through modularization, better exception handling, external libraries for serialization, and clearer separation of concerns.
