UTC: 2024-04-21T01:49:15.757026+00:00
File: pyddle/output_available_timezones.py
Prompt: Potential issues and improvements, as many and detailed as possible, please.
Code Tokens: 153
Response Tokens: 644

The script appears to aim at listing all available timezones by writing them to a file and printing them to the console. Here are some potential issues and areas for improvement:

1. **Code Clarity & Structure:**
   - The import statements for modules like `pyddle_debugging`, `pyddle_file_system`, and `pyddle_global` suggest that these are custom or less common modules. It's essential to ensure these modules are well-documented for maintainability and ease of understanding by other developers.
   - The script could benefit from a more structured approach or modularization, such as defining functions for specific tasks (e.g., writing timezones to a file) for better reuse and readability.

2. **Dependency on External Modules:**
   - The use of `zoneinfo` is Python 3.9+ specific. It's good to note this or provide alternative solutions for earlier Python versions.
   - The script assumes `tzdata` is installed if no timezones are available. While it suggests installing `tzdata` via pip, automatic handling of this dependency (checking and installing if necessary) could be an enhancement.

3. **Error Handling:**
   - There is no explicit error handling for potential issues such as file write permissions, missing modules, or other execution halting errors.
   - It would be beneficial to wrap potentially error-prone operations (e.g., file operations, timezone retrieval) in try-except blocks to manage exceptions gracefully.

4. **User Experience (UX) Improvements:**
   - The `pdebugging.display_press_enter_key_to_continue_if_not_debugging()` suggests there might be a blocking mechanism at the end of the script, which could be confusing for users if not clearly communicated.
   - Providing a CLI argument option to specify the output directory or filename could enhance usability. Currently, it seems the output directory is fixed based on `pyddle_file_system` operations.

5. **Performance Considerations:**
   - While not a significant concern given the task, for a larger or more I/O intensive operation, it's good practice to consider the efficiency of file operations. Writing to a file in a loop can be optimized, though it likely doesn't matter much in this specific case.

6. **Code Documentation:**
   - Aside from the initial comment, there's not much documentation or comments explaining the purpose of code blocks or the functionality of custom modules used. Adding more comments and docstrings would improve the maintainability and understandability of the script.

7. **Environment & Installation:**
   - The script could include more detailed instructions or a requirements.txt file for setting up the necessary environment, especially considering the reliance on custom modules and `tzdata`.

8. **Testing and Validation:**
   - There's no mention of testing approaches or validation to ensure the script's output is as expected across different environments or Python versions.

9. **Security:**
   - Always consider security practices when dealing with file operations and external dependencies. Though not directly applicable here, validating inputs and careful handling of external packages are good practices.

These suggestions aim to refine the script, focusing on readability, robustness, and user experience.
