UTC: 2024-04-22T02:19:18.824688+00:00
File: pyddle/output_locale_encoding_alias.py
Prompt: Bugs, issues, logical errors and whatever that must be fixed, please. Considering the balance between the productivity of development and the quality of code, I have little intention to implement more precise error handling, singleton-based designs, less use of hardcoded literals, more efficient algorithms, etc. They surely will make my code better, but my current priority is not efficiency; as long as the code is safe, secure and stable, performance and scalability can come later. So, please tell me only what I absolutely have to fix.
Code Tokens: 148
Response Tokens: 486

Based on your requirements for code correction—focusing only on what's essential to ensure safety, security, and stability while deprioritizing efficiency improvements, detailed error handling, design patterns, and algorithmic optimizations—here are the critical aspects that need addressing in your script:

1. **Correct Module and Attribute Names:**

    - The `locale.locale_encoding_alias.items()` seems to be a mistyped reference. Python's `locale` module does not have an attribute `locale_encoding_alias`. Instead, you likely meant `locale.locale_alias.items()`, which is the correct way to access locale encoding aliases in the `locale` module. This is crucial for the script to function as intended.

2. **Non-Existential Modules:**

    - The imports `pyddle_debugging`, `pyddle_file_system`, and `pyddle_global` refer to modules that are not part of the standard Python library and are not recognizably common third-party libraries. Assuming these are custom modules specific to your project:
        - Ensure these modules contain no critical bugs that could compromise the script's stability or security.
        - Verify that their functionality does not inadvertently expose the system to security vulnerabilities, such as arbitrary code execution or unauthorized file access.

3. **Error Handling:**

    - Although you specified not to focus on detailed error handling, basic error handling around file operations (e.g., `open_file_and_write_utf_encoding_bom`) and other external library calls is essential to prevent crashes that can arise from common issues like permission errors or missing directories. At the very least, ensure these functions internally manage such exceptions gracefully to maintain the script's stability.

4. **Secure File Handling:**

    - Ensure that `open_file_and_write_utf_encoding_bom` and other file system operations are securely implemented:
        - Validate or sanitize file paths to mitigate directory traversal vulnerabilities.
        - Confirm that files are created with appropriate permissions to prevent unauthorized access.

5. **Dependence on External Libraries:**

    - If `pyddle_debugging`, `pyddle_file_system`, and `pyddle_global` are external dependencies, confirm their source's reliability and security. Using poorly maintained or insecure libraries can introduce vulnerabilities.

By addressing these points, you ensure that your script remains secure and stable, which aligns with your goals of prioritizing safety and security over performance and scalability at this stage.
