UTC: 2024-04-21T01:49:31.615224+00:00
File: pyddle/output_environment_variables.py
Prompt: Potential issues and improvements, as many and detailed as possible, please.
Code Tokens: 602
Response Tokens: 738

The script intends to output all environment variables and their values, addressing platform-specific separators and handling specific cases like the PATH variable. However, there are several potential issues and areas for improvement:

1. **Unused Imports and Undefined Behaviors:**
   - The script imports `pyddle_console`, `pyddle_debugging`, `pyddle_file_system`, `pyddle_global`, and `pyddle_string`, which are presumably custom libraries. If these libraries are not available or if parts of their functionality are not defined in the script or externally, it could lead to runtime errors.

2. **Global Variables Misuse:**
   - The use of `main_separator` and `other_separators` as global variables might not be the best practice. While they are being modified based on the operating system, the design could be improved by encapsulating this logic within a function that returns the appropriate separators based on the platform.

3. **Platform Detection and Separator Logic:**
   - The script assumes binary logic for platform detection (`'nt'` for Windows and others) and assigns separators accordingly. However, this may not account for all edge cases or future platform-specific nuances. A more flexible approach or more granular detection (e.g., using `platform` module) could enhance this.

4. **Potential Security Risk:**
   - By writing all environment variables and their values to a file, there is a potential security risk if sensitive information (e.g., `PASSWORD`, `SECRET_KEY`) is stored in the environment. This could be mitigated by allowing a configuration to exclude specific variables or by encrypting the output file.

5. **Unnecessary Use of Comments for Pylint:**
   - The script frequently uses `# pylint: disable = invalid-name` comments. While these comments are there to silence naming convention warnings from Pylint, a cleaner approach could be to either adhere to Pylint's naming conventions or configure Pylint to ignore certain warnings project-wide if needed.

6. **Error Handling and Logging:**
   - The script lacks explicit error handling. For instance, there is no try-except block around file operations or the main logic. Introducing error handling could prevent the script from crashing unexpectedly and could log errors for debugging purposes.

7. **Dependency on Custom Libraries:**
   - The script's heavy reliance on custom libraries (`pyddle_*`) could limit its reusability and maintainability. Providing documentation on these libraries or considering standard Python libraries where possible would make the script more accessible to others.

8. **Performance Considerations:**
   - For environments with a large number of variables or variable values, the script could be optimized for performance. For example, using more efficient data structures or minimizing file I/O operations could improve its execution time.

9. **User Feedback and Interactivity:**
   - The script's usability could be enhanced by providing command-line arguments for users to specify options, such as the output directory, whether to include potentially sensitive variables, or to enable/disable certain warnings.

10. **PATH Validation Logic:**
   - The validation of PATH entries (checking if directories exist) may report valid network paths, symbolic links, or special directories as missing. Improving this logic to account for such cases could make the tool more accurate.

11. **Code Readability:**
    - The script could benefit from more comments or documentation explaining its logic, especially around the handling of separators and the specific checks for debugging and path validation. This would make it more understandable and maintainable.

Improving these areas would enhance the script's functionality, security, and user-friendliness.
