UTC: 2024-04-22T02:21:41.618748+00:00
File: pyddle/pyddle_dotnet.py
Prompt: Bugs, issues, logical errors and whatever that must be fixed, please. Considering the balance between the productivity of development and the quality of code, I have little intention to implement more precise error handling, singleton-based designs, less use of hardcoded literals, more efficient algorithms, etc. They surely will make my code better, but my current priority is not efficiency; as long as the code is safe, secure and stable, performance and scalability can come later. So, please tell me only what I absolutely have to fix.
Code Tokens: 5096
Response Tokens: 726

The provided code is extensive and addresses many operations related to .NET project management, including version handling, project building, and archiving. It appears to be well-thought-out for its intended use case. Given your focus on ensuring the code is "safe, secure, and stable" while de-emphasizing the pursuit of efficiency, performance, and scalability at this stage, the feedback below points out what might need immediate fixing or attention for the code to meet your stated priorities:

1. **Error Handling in Version Parsing and Comparison:**
   - The version string extraction and parsing logic in functions like `extract_version_string_from_csproj_file`, `parse_version_string`, and `version_digits_to_string` could benefit from more robust error handling. 
   - Specifically, `parse_version_string` assumes that the version string is always correctly formatted, which might not be the case. Malformed version strings could lead to unhandled exceptions. Adding try-except blocks around calls to this function and providing a meaningful error message or fallback behavior could enhance stability.

2. **Potential XML Parsing Vulnerabilities:**
   - The functions `extract_version_string_from_csproj_file` and `extract_version_string_from_app_manifest_file` use `xml.etree.ElementTree` for parsing XML files. This module is not safe against maliciously constructed data. If you ever find yourself parsing XML files from untrusted sources, consider using `defusedxml.ElementTree` instead to protect against various XML attacks.

3. **Robustness in Finding XML Nodes:**
   - The current implementation assumes a certain structure when finding nodes (like `PropertyGroup` and `Version`) within XML files. Changes in .NET project file structures could potentially break this logic. It might not be a pressing issue, but being aware of potential changes in .NET project file formats and preparing to adapt is wise.

4. **Use of Subprocess without Shell equals False:**
   - When using `subprocess.run()`, it's a good practice explicitly to set `shell=False` for better security, especially when the command involves input from external sources. In your code, it's implied but stating it explicitly can serve as a reminder and best practice.

5. **Path Manipulation Security:**
   - Your script manipulates file paths and directories extensively. While your current priority may not include dealing with untrusted input paths, ensure that any future adaptations of this code that may interact with external input sanitize and validate file paths to prevent directory traversal vulnerabilities.

6. **Cross-Platform Compatibility:**
   - Your script seems designed with Windows paths in mind (`os.path.join` usage suggests this), which is perfectly fine for a Windows-centric .NET development environment. If you ever need to make this compatible with other operating systems (like Linux or macOS, which can also run .NET Core), be mindful of path separations and file system case sensitivity.

7. **Ensuring Obsolete Files Are Handled Safely:**
   - When dealing with obsolete solutions or projects and deciding to move them to an "Obsolete" path, ensure that this process doesn't inadvertently overwrite or delete valuable data. The logic around handling `is_obsolete` flags appears sound, but double-checking the implementation to prevent data loss is essential.

Given the complexity and scope of this script, the listed items focus on immediate concerns around safety, security, and stability. The script demonstrates thoughtfulness in its design for its intended functionality. Prioritizing these areas for fixes or improvements can help align the script with your goals of producing stable and secure tooling for .NET project management.
