UTC: 2024-04-21T01:55:19.159571+00:00
File: pyddle/pyddle_string.py
Prompt: Potential issues and improvements, as many and detailed as possible, please.
Code Tokens: 5565
Response Tokens: 722

The script described is a comprehensive library for string manipulation and parsing, targeted at efficiently handling text data with considerations for case sensitivity, leading/trailing whitespace manipulation, and more. While it's thoughtfully designed, there are areas where potential issues could arise or where improvements can be made:

### General Concerns

1. **Error Handling**: Custom error messages could be more informative, including details about the values that caused the error. For example, in `equals_at`, informing the caller about the invalid index value could aid debugging.

2. **Unicode Considerations**: Though the script considers Unicode to a degree, it doesn't extensively deal with Unicode normalization (e.g., `unicodedata.normalize`). Different forms of the same character could cause unexpected mismatches in comparisons.

3. **Performance**: The use of regular expressions and string operations in loops (especially in large datasets) could cause performance degradation. Profiling sections, especially those likely to process large texts, and optimizing them (maybe through compiled RegEx objects or string pre-processing) might be beneficial.

4. **Naming Conventions**: Function names like `to_visible_str` could be more descriptive. A name that reflects its behavior, such as `repr_str_with_fallbacks`, might be clearer.

5. **Complexity and Redundancy**: The script contains multiple functions with similar logic but minor variations (case handling, for instance). Abstracting common logic into helper functions would reduce code duplication and simplify maintenance.

### Specific Suggestions

- **Equality and Comparison Functions**: Consider Python's built-in support for string comparison and case manipulation to potentially simplify these functions. For example, `str.casefold()` is a robust method for case-insensitive comparisons and might make some of the custom comparison logic redundant.

- **Multiline String Handling**: The logic to handle multiline strings, especially in `normalize_multiline_str` and `ChunkStrReader`, is quite intricate. Ensuring that these functions handle edge cases as expected (e.g., strings ending with a newline) is crucial. Unit tests covering a wide array of scenarios would be helpful for validation.

- **Documentation**: While comments are helpful, formal documentation (docstrings) following standards (e.g., PEP 257) could improve code maintainability and usability. Including examples of function usage could also be beneficial.

- **Performance of Regular Expressions**: The global regex objects like `COMPILED_REGEX_FOR_NORMALIZE_SINGLELINE_STR` are used for whitespace normalization. Testing these operations' performance impact and considering alternatives (e.g., built-in string methods) for simple cases may be prudent.

- **Function `normalize_lines` and `normalize_multiline_str` Improvements**: These functions lack consistency in handling edge cases. For `normalize_lines`, ensure consistent handling for inputs that are `None` or contain only whitespace. `normalize_multiline_str` could benefit from clearer separation of concerns (e.g., separating line splitting from normalization).

### Testing and Validation

- **Unit Tests**: Implement comprehensive unit tests for each function to ensure they behave as expected across a wide range of inputs, including corner cases like empty strings, strings with only whitespace, and strings with various Unicode characters.

- **Benchmarking**: For performance-critical applications, benchmarking different parts of this library to identify bottlenecks could inform where optimization is most needed.

### Conclusion

While the script demonstrates a thoughtful approach to string manipulation with attention to detail in handling various edge cases, there's room for optimization and clarification. Addressing the above concerns and suggestions would enhance the library's efficiency, maintainability, and ease of use.
