UTC: 2024-04-21T01:48:16.154286+00:00
File: pyddle/find_python_directories.py
Prompt: Potential issues and improvements, as many and detailed as possible, please.
Code Tokens: 528
Response Tokens: 726

Reviewing the provided script, several potential issues and improvements come to mind:

1. **Use of Undocumented Modules:**
   - The script imports `pyddle_debugging` and `pyddle_string`, which are not standard Python libraries and are not described within the provided text. Future users or maintainers of the script may not have access to or understanding of these modules. Using more standard, well-documented libraries or clearly documenting custom modules would improve maintainability and usability.

2. **Debugging Print Statements:**
   - Debugging print statements (`print(f"Possible Python directory: {path}")`) are controlled by a call to `pdebugging.is_debugging()`. This approach is slightly less flexible compared to standard Python logging mechanisms. Using `logging` with different levels (DEBUG, INFO, WARNING, ERROR) can provide a more versatile and configurable way to handle both debugging messages and other log messages.

3. **Hardcoded Directory and File Names:**
   - The script looks for specific directory names (`'include', 'lib'`) and file names (`'python3.exe', 'python.exe', 'python3', 'python'`). This method may miss Python installations that do not follow this structure or use slightly different naming conventions. Allowing these names to be passed as arguments or read from a configuration file could make the script more flexible.

4. **Performance and Scalability:**
   - The script uses `os.walk` to traverse directories, which is noted by the author as potentially slow. This could become a significant issue when scanning large drives or networks. Consideration of more efficient filesystem traversal approaches or incorporating multiprocessing to handle directory scanning in parallel could improve performance.

5. **Error Handling:**
   - Errors during directory traversal are explicitly ignored (`onerror = None`). While this may prevent the script from crashing due to inaccessible directories, it also masks potential issues that might warrant attention or a different handling strategy. Improved error logging or selective error handling could enhance reliability and debuggability.

6. **Platform Dependency:**
   - The script tries to cater to both Windows and macOS by checking the system's name to list drives or volumes but does not account for other UNIX-like systems where Python installations might also be scanned (e.g., Linux). Expanding the `get_all_drive_or_volume_paths` function to consider other platforms or making it more generic to handle UNIX-like file structures could improve the script's utility across environments.

7. **Code Comments and Documentation:**
   - Inline comments are generally helpful, but some parts of the code could benefit from more detailed explanations or documentation, especially for users who might not be familiar with the specifics of filesystem operations or the purpose of the custom modules used.

8. **Final Status Message:**
   - The script's behavior in a non-debugging environment regarding the "scanned directory count" message could be confusing as described. Implementing a more consistent way to notify the user of the operation's completion, regardless of the debugging status, would improve user experience.

9. **User Interface and Interactivity:**
   - The script concludes by either displaying a prompt to press Enter or jumping directly to a new prompt based on the debugging state. A more user-friendly approach could involve providing summary information on the operation (total directories scanned, potential Python directories found) and offering the user options on how to proceed (e.g., export findings, scan another drive, etc.).

In summary, while the script serves a practical purpose, enhancing its flexibility, error handling, performance, and user interface could significantly improve its effectiveness and user experience.
