UTC: 2024-04-21T01:55:40.161831+00:00
File: pyddle/pyddle_type.py
Prompt: Potential issues and improvements, as many and detailed as possible, please.
Code Tokens: 1212
Response Tokens: 724

The code snippet provided illustrates a collection of utility functions aiming to facilitate type conversion and interpretation, notably from strings to various Python data types, including integers, floats, complex numbers, booleans, and enumerations. Addressing potential issues and suggesting improvements involve both specific technical details and broader design principles. Below are several key points:

### General Observations and Improvements:

1. **Exception Handling**:
   - Using a broad exception catch (`except Exception:`) is generally discouraged as it can obscure the source of errors and catch unintended exceptions. It's preferable to catch specific exceptions (e.g., `ValueError` for conversion errors) that are expected to arise from the operations being performed.
   - Improvement: Replace broad exception handlers with specific ones where applicable.

2. **Dependency on External Module**:
   - The code makes use of an apparent external module `pyddle_string` without providing any context or import statements for it. This raises questions about the module's availability, purpose, and functionality.
   - Improvement: Include a brief comment on the nature and availability of `pyddle_string`, and consider standardizing with built-in Python capabilities if possible to reduce external dependencies.

3. **Code Duplication**:
   - There's a noticeable pattern of code duplication, particularly in the functions handling conversion with default values and enum conversion functions.
   - Improvement: Code duplication could be reduced by factoring out common logic into helper functions or by adopting a more generic approach to handling these conversions.

4. **Enum Conversion Functions**:
   - The enum conversion functions assume a certain structure or behavior of the `enum_type` argument but do not enforce or check it, potentially leading to runtime errors if misused.
   - Improvement: Add type hints and runtime checks to ensure `enum_type` adheres to the expected interface (i.e., being an enumeration).

5. **Boolean String Representations**:
   - The approach to converting strings to booleans is based on a finite list of truthy and falsy string representations. This approach is not easily extensible or localized.
   - Improvement: Consider a more flexible or configurable approach to determining boolean values from strings, potentially supporting localized or application-specific conventions.

6. **Documentation and Code Comments**:
   - Comments within the code provide some guidance but are inconsistent and sometimes vague. Additionally, there's a lack of formal documentation (e.g., docstrings) describing function behaviors, expected parameters, and return types.
   - Improvement: Provide comprehensive docstrings for each function detailing purpose, parameters, return types, and any exceptions raised. Ensure comments are clear and contribute to understanding the code's functionality.

### Specific Function Improvements:

- **`str_to_int_or_default` and Similar Functions**:
  - These functions catch all exceptions without logging or indicating the nature of the failure, which can make debugging difficult.
  - Improvement: Log or otherwise indicate the cause of conversion failures when returning default values.

- **Enum Conversion with Ignore Case**:
  - The case-insensitive comparison for enum names and string values relies on the external `pyddle_string` module. For standard Python enums, this functionality could be implemented without external dependencies.
  - Improvement: Use `str.lower()` or `str.upper()` for case-insensitive comparisons to enhance portability and reduce reliance on `pyddle_string`.

### Conclusion

The provided code snippet offers a foundational approach to converting strings to various data types and enumerations. However, by addressing the identified issues and incorporating the suggested improvements, the code can achieve better clarity, reliability, and maintainability.
