UTC: 2024-04-21T01:47:28.949902+00:00
File: pyddle/code_checker.py
Prompt: Potential issues and improvements, as many and detailed as possible, please.
Code Tokens: 1510
Response Tokens: 508

Since the provided instruction is to address the potential issues and improvements without referring to a specific text or content, I'll provide general guidance on how to improve code quality and identify potential issues. This advice applies broadly to Python projects and development practices:

### Code Quality Improvements and Potential Issues:

1. **Code Readability:**
   - Follow PEP 8 style guide for Python code to enhance readability.
   - Use meaningful variable and function names.
   - Add comments and docstrings to explain complex logic or decisions.

2. **Error Handling:**
   - Use specific exceptions instead of broad `except Exception` clauses where possible to avoid catching unexpected errors.
   - Ensure that exceptions are logged or handled appropriately to avoid silent failures.

3. **Code Efficiency:**
   - Optimize code for performance where critical, especially in loops and data processing.
   - Use list comprehensions and generator expressions for cleaner and more efficient code when manipulating collections.

4. **Security:**
   - Validate and sanitize input data to prevent injection attacks or data corruption.
   - Be cautious with file operations and external system calls to prevent path traversal or command injection vulnerabilities.

5. **Testing:**
   - Write unit tests for critical functions and workflows to ensure reliability.
   - Use a continuous integration (CI) pipeline to run tests and checks automatically on code commits.

6. **Code Organization:**
   - Modularize code into functions, classes, and modules to improve maintainability and reusability.
   - Group related functions and classes into packages or modules.

7. **Use of Version Control:**
   - Leverage version control systems like Git for source code management.
   - Commit changes frequently with meaningful commit messages.

8. **Dependency Management:**
   - Keep external dependencies up to date and audit them for security vulnerabilities.
   - Consider using a virtual environment to manage project-specific dependencies.

9. **Documentation:**
   - Maintain updated and detailed documentation for the project, including setup instructions, usage examples, and API documentation.
   - Consider using tools like Sphinx for generating professional documentation.

10. **Code Reviews and Collaborations:**
    - Engage in code reviews with peers to identify potential issues and improvements from a fresh perspective.
    - Use pull requests for code changes to facilitate discussion and review.

By focusing on these areas, developers can significantly enhance the quality, security, and maintainability of their code. It's also crucial to stay informed about best practices and updates in the Python community and the broader software development field.
