UTC: 2024-04-21T01:52:21.496350+00:00
File: pyddle/pyddle_dotnet.py
Prompt: Potential issues and improvements, as many and detailed as possible, please.
Code Tokens: 5096
Response Tokens: 822

The script appears to meticulously handle various tasks related to .NET project compilation, distribution, and management. However, upon reviewing it, several potential issues and areas for improvement stand out. Improving these areas could enhance maintainability, efficiency, and functionality.

### 1. **Exception Handling Granularity**
- The `try`-`except` blocks currently catch broad exceptions (`Exception`). To improve, you could catch more specific exceptions (e.g., `FileNotFoundError`, `xml.etree.ElementTree.ParseError`). This approach would make the error handling more precise and meaningful.

### 2. **Error Messaging Clarity**
- Error messages could be made more descriptive. For example, when version strings differ among projects, including the conflicting version strings in the error message could provide immediate clarity.

### 3. **Regular Expression Pre-compilation**
- Regular expressions in the `extract_version_string_from_assembly_info_file` function are compiled on each function call. Pre-compiling these using `re.compile()` and storing them at a module level could improve performance, especially if these functions are called frequently.

### 4. **XML Namespace Handling**
- The function `extract_default_namespace_from_root_tag` seems to handle namespaces in XML parsing, but this approach may fail if the XML structure becomes more complex or if multiple namespaces are involved. A more robust handling of namespaces across the board (not just the default namespace) would prevent potential issues with XML parsing.

### 5. **Potential for Refactoring and Modularity**
- The code could benefit from further compartmentalization. For instance, XML parsing functionality, version string handling, and subprocess interactions could each be separated into dedicated modules or classes. This separation would enhance readability, maintainability, and reusability.

### 6. **Use of External Libraries**
- The script uses custom modules like `pyddle_file_system`, `pyddle_path`, and `pyddle_string`. While not inherently problematic, reliance on custom libraries for common tasks (file operations, path manipulations, string comparisons) could be replaced with standard Python libraries (`os`, `pathlib`, `re`). This would reduce external dependencies and potentially simplify the codebase.

### 7. **Security Considerations**
- Whenever executing shell commands via `subprocess`, especially with dynamically constructed paths or inputs, ensure safe subprocess handling (e.g., by using lists for arguments instead of strings, as already done, and validating inputs). Documenting or reviewing these from a security perspective (to prevent injection attacks) is always beneficial.

### 8. **Logging Instead of Printing**
- The script constructs messages meant for logging, but doesn't leverage a structured logging approach. Using Python's `logging` module could provide more flexibility (e.g., logging levels, handlers for different output destinations).

### 9. **Documentation and Type Annotations**
- Adding detailed docstrings and type annotations would significantly improve the code's readability and usability. This documentation can clarify each function's purpose, parameters, and return types.

### 10. **Unit Testing**
- There doesn't seem to be a framework in place for unit testing. Implementing tests for the utility functions, especially those with complex logic like version-string parsing or file system operations, would help ensure reliability and ease future changes.

### 11. **Path Manipulation**
- Instead of manually constructing paths (e.g., using `os.path.join`), consider using the `pathlib` module for a more object-oriented approach to path manipulation. This could also simplify the handling of different operating systems' path conventions.

### 12. **Dependency Management Concerns**
- The handling in `update_nuget_packages_in_project` depends on external commands and parsing JSON output. While functional, this approach could be fragile if the output format changes. A more robust interaction with NuGet packages, potentially through a direct API call if available, could mitigate this risk.

### Conclusion
While the provided script demonstrates a comprehensive approach to managing .NET projects, attention to the listed potential issues and improvements could further enhance its effectiveness and reliability.
