UTC: 2024-04-21T01:47:16.150531+00:00
File: pyddle/build_changed_projects.py
Prompt: Potential issues and improvements, as many and detailed as possible, please.
Code Tokens: 3357
Response Tokens: 868

### Review of the Python Script

The script provided attempts to automate the process of building, archiving, and managing project dependencies in a .NET solution environment. Here are the potential issues and areas for improvements:

#### 1. Modularity and Function Decomposition:
- **Issue**: The script is quite lengthy and handles multiple responsibilities, from interacting with directories and files to managing build processes.
- **Improvement**: Refactor the script into multiple smaller functions or classes, separating concerns and improving readability. For example, the process of reading settings, finding solutions, and building projects can be encapsulated into separate functions or classes.

#### 2. Exception Handling:
- **Issue**: Broad exception clauses (`except Exception:`) are used frequently throughout the script. This can potentially catch exceptions that were never intended to be caught, making debugging more difficult.
- **Improvement**: Prefer more specific exceptions to catch expected errors and handle them accordingly. This makes the code more robust and easier to debug.

#### 3. Logging and Error Reporting:
- **Issue**: The script uses print statements alongside custom logging functions (e.g., `poutput.print_and_log`). This might lead to inconsistent logging and difficulty in managing output verbosity levels.
- **Improvement**: Adopt a unified logging approach using Python's built-in `logging` module, which offers nuanced control over logging levels, formats, and destinations.

#### 4. Hardcoded Values:
- **Issue**: There are hardcoded paths and settings (e.g., `KVS_KEY_PREFIX`) sprinkled within the script.
- **Improvement**: Move configuration settings to an external file or environment variables. This facilitates easier modification of script behavior without changing the code.

#### 5. Dependency on Specific Modules:
- **Issue**: The script depends on custom modules (e.g., `pyddle_console`, `pyddle_dotnet`) whose functionality and existence are not clear from the script itself.
- **Improvement**: Include comments or documentation regarding these dependencies, their purpose, and how to locate/install them if they are not standard Python packages.

#### 6. Use of Global Variables:
- **Issue**: The script uses global variables (e.g., `pglobal.set_main_script_file_path(__file__)`) which can make testing and debugging harder as the script grows.
- **Improvement**: Limit the use of global variables. Encapsulate state within functions or objects where possible.

#### 7. Error Messages and User Feedback:
- **Issue**: Generic error messages are logged in several places without much context (e.g., just printing the exception message).
- **Improvement**: Include more context in error messages, potentially logging the operation being performed or the specific part of the script where the error occurred to aid in troubleshooting.

#### 8. Efficiency and Scalability:
- **Issue**: The script iterates over directories and performs file operations, which can become inefficient as project size grows.
- **Improvement**: Consider leveraging more efficient I/O operations or libraries designed for these tasks, and look into caching or incremental build techniques to avoid doing redundant work.

#### 9. User Interaction within the Script:
- **Issue**: The script mixes automation logic with user prompts, which could limit its utility in automated environments (like CI pipelines).
- **Improvement**: Separate the core automation functionality from user interaction, allowing the script to be run in a fully automated manner with command-line arguments or configuration files specifying the desired actions.

#### 10. Lack of Progress Indicators:
- **Issue**: For long-running operations, there are no progress indicators or verbose logging to inform the user of ongoing actions.
- **Improvement**: Introduce progress bars or periodic logs for extensive operations to improve user experience.

#### 11. Unit Testing and Maintainability:
- **Issue**: The script, as provided, lacks unit tests or a clear way to test its components in isolation.
- **Improvement**: Break down the script into testable functions/classes and write unit tests for them. This will also help ensure future changes do not break existing functionality.

#### Conclusion
While the script demonstrates a robust attempt to automate a complex process, refactoring towards better modularity, improving error handling, introducing external configuration, and adopting best practices for Python scripting will enhance its maintainability, readability, and overall performance.
