UTC: 2024-04-21T01:54:42.606112+00:00
File: pyddle/pyddle_output.py
Prompt: Potential issues and improvements, as many and detailed as possible, please.
Code Tokens: 422
Response Tokens: 794

The script provided aims to unify the process of outputting strings to both the console and a log file. Let's discuss potential issues and areas for improvement in detail:

1. **Module Names:**
   - The module names `pyddle_console` and `pyddle_logging` are not standard Python libraries. If these are custom modules, it should be explicitly mentioned or documented. Ensure that these are accessible in the expected environment or provide information on how to install or obtain them.

2. **Type Hinting:**
   - The function `print_and_log` uses `str | None` for the `str_` argument type hint, which correctly allows for both `str` and `None` types. However, consistency in indicating optional types could be improved across the script by adding from `typing` import `Optional`, then using `Optional[str]` and `Optional[list[str]]` to make it clearer.

3. **Parameter Naming:**
   - The parameter name `str_` might be confusing or not immediately clear to readers. It's generally understandable to avoid using Python type names as variable names, but considering the context, a more descriptive name like `message` or `text` could be more intuitive.

4. **Default Values:**
   - For the `colors` parameter in `print_and_log_lines`, the comment mentions a default value of `None` to indicate that coloring can be disabled. It’s a good approach, but it could be beneficial to explicitly explain in the function's docstring how colors are specified and used, as well as how to disable them (for those who might skip over comments).

5. **Error Handling:**
   - There is no visible error handling in the provided code. Consider what should happen if, for example, the `pconsole` or `plogging` functions fail. Should the script continue? Retry? Exit gracefully? Providing some level of error management could improve the script's robustness and usability in different environments.

6. **Performance Considerations:**
   - Both `print_and_log` and `print_and_log_lines` directly pass input to underlying modules without any preprocessing or validation. This might be by design, but consider potential performance implications if the input `str_` or `list[str]` is extremely large. There can be a significant performance difference between processing (and logging) an entire large string versus doing so line-by-line or in chunks.

7. **Documentation and Examples:**
   - The script would significantly benefit from more comprehensive docstrings or comments explaining the purpose and usage of each function. Including examples of how to call `print_and_log` and `print_and_log_lines`, especially with non-trivial `colors` and `indents` parameters, would make the script more user-friendly.

8. **Flush Behavior:**
   - The `flush` parameter is passed to the logging function but not to the console print function in both script functions. This can lead to inconsistent output timing between console and logs. It might be intentional, but if both outputs are supposed to sync up, reconsider applying `flush` uniformly.

9. **Complexity and Usability:**
   - The split between visible content and indents/trailing whitespace seems to imply a specific formatting requirement. This could make the functions less versatile for general use cases. A more straightforward approach or more clearly defined parameters might make the script more accessible to others with different needs.

10. **Future-Proofing and Extensibility:**
    - Consider how new features or requirements could be integrated into this script. For example, if logging levels (debug, info, warning, error) were required in the future, how easily could they be added? Making the script's structure more modular or adding more points of customization could aid in future-proofing.

Improving on these points can enhance the script's reliability, understandability, and adaptability for various use cases.
