UTC: 2024-04-22T02:28:23.900723+00:00
File: pyddle/update_outdated_packages.py
Prompt: Bugs, issues, logical errors and whatever that must be fixed, please. Considering the balance between the productivity of development and the quality of code, I have little intention to implement more precise error handling, singleton-based designs, less use of hardcoded literals, more efficient algorithms, etc. They surely will make my code better, but my current priority is not efficiency; as long as the code is safe, secure and stable, performance and scalability can come later. So, please tell me only what I absolutely have to fix.
Code Tokens: 852
Response Tokens: 702

Given your criteria focusing on safety, security, and stability while deprioritizing efficiency, performance, and scalability at this stage, here are some critical aspects you should consider fixing or implementing in your script:

1. **Secure Use of `subprocess`**:
    - Using `subprocess.run` without specifying `shell=False` can be safe since it's `False` by default but explicitly stating it can improve readability and safeguard against accidental changes. However, the real issue lies in dynamically constructing paths and commands that are executed, which could lead to potential command injection if user input is not sanitized or if an attacker can influence the environment variables or paths. Your code, as shown, does not seem to directly include user input in subprocess commands, which is good. Still, being aware of where your input is coming from is crucial.
    - When you're dealing with subprocesses and paths that could potentially be influenced by user input or external data (in the future if your script evolves), ensure you sanitize and validate these inputs rigorously.

2. **Error Checking for Subprocess Calls**:
    - You've opted to use `check = False` in your `subprocess.run()` calls, which means your script won't raise an exception if a command fails. For a script updating packages, failing silently might not be desirable. Consider logging these errors or at least printing a message to the user. Silent failures in package updates can lead to significant security vulnerabilities if critical patches are missed.

3. **Dependence on External Python Files**:
    - Your script depends on external modules like `pyddle_debugging`, `pyddle_path`, and `pyddle_string` which aren't standard libraries. This does not directly relate to safety, security, or stability, but if these modules aren't commonly used or maintained, you could introduce risks. Make sure these dependencies are secure and reliable. Also, consider handling cases where these imports fail, which can make your script more robust.

4. **Potential Issues with Package Reinstallation**:
    - Your script uninstalls and then reinstalls specific versions of `tzdata` and `beautifulsoup4` for debugging purposes. If anything fails between these steps or if the specified versions are not available, you might unintentionally leave the environment without these packages, which can be an issue if other applications depend on them. Consider wrapping these operations in a try/except block or checking the availability of specific versions before attempting to uninstall.

5. **User Confirmation without Validation**:
    - When asking the user for confirmation to update packages, you're checking for a 'y' response but not handling any other input. It might be helpful to loop this prompt until you receive a clear 'y' or 'n', ensuring the user's intention is unmistakably recorded and acted upon.

6. **Hardcoded Paths and Filenames**:
    - While you've mentioned a disinterest in moving away from hardcoded literals for efficiency or performance reasons, be mindful that hardcoded paths and filenames (like those for `pip`) can introduce stability issues across different platforms or environments. Testing your script in the environments it's intended to run in can help mitigate this.

Addressing these points will help improve the safety, security, and stability of your script without necessarily focusing on performance, efficiency, or scalability. These changes aim to ensure that the script behaves predictably and securely, especially when dealing with package updates that can potentially introduce breaking changes or security vulnerabilities.
