UTC: 2024-04-21T01:59:36.804792+00:00
File: pyddle/update_outdated_packages.py
Prompt: Potential issues and improvements, as many and detailed as possible, please.
Code Tokens: 852
Response Tokens: 732

The script provided aims to update all outdated Python packages automatically. While it attempts to account for various contingencies, there are several potential issues and areas for improvements that could enhance its robustness, usability, and efficiency.

1. **Error Handling:**
   - The script uses `subprocess.run()` with `check = False`, which means it won't raise an exception if the command fails. This could lead to issues going unnoticed, especially in automated environments. It would be beneficial to handle errors more gracefully or to have an option to enable stricter error checking for those who wish to ensure that failures are caught and addressed.

2. **Dependency on Custom Modules:**
   - The script imports `pyddle_debugging`, `pyddle_path`, `pyddle_string` modules, which seem to be custom or third-party modules not found in the standard library. This could limit the script's portability and usability across different environments. Using standard library modules where possible or providing these modules along with the main script could improve this.

3. **User Interaction:**
   - Requesting user input (`input("Would you like to update all outdated packages? (y/n) ")`) blocks the script execution and requires manual intervention, which might not be ideal for automated environments. It could be more practical to add a command-line argument to bypass prompts for automation purposes.

4. **Hardcoded Executable Names:**
   - The list of possible names for the pip executable (`PIP_FILE_NAMES`) is hardcoded, which may not cover all environments or future changes. While it's thorough, consider a more dynamic way to locate the pip executable or allow users to specify the path as an argument.

5. **Hardcoded package versions for Testing:**
   - The debugging portion of the script hardcodes specific versions of packages (`tzdata==2023.4`, `beautifulsoup4==4.12.2`) for testing purposes. It's good practice to keep testing data separate from the script logic or to use more generic test cases that do not require modification when package versions change.

6. **Security:**
   - Automatically updating packages without verifying the source or integrity (such as checksum verification) of the packages could lead to security vulnerabilities, such as dependency confusion attacks or installing malicious packages. Introducing checks or a verification step could enhance security.

7. **Efficiency:**
   - The script updates packages one at a time in a loop. This could be less efficient than batching updates or using pip's capabilities to handle multiple updates in a single command, especially when dealing with a large number of packages.

8. **Platform Compatibility:**
   - The script seems to assume a Unix-like environment for paths and may not fully support Windows, despite including `.exe` in the pip executable names. Testing and ensuring compatibility across different platforms (Windows, macOS, Linux) could improve its robustness.

9. **Version Control for Script Modifications:**
   - Regularly updating a script can lead to changes that might break existing workflows or introduce incompatibilities. Version control (e.g., using Git) and maintaining a changelog could help track changes and facilitate rollback if needed.

10. **Lack of Logging:**
    - The script prints output directly to the console but does not offer an option to log these outputs to a file for later review. Implementing logging with different verbosity levels could make it easier to troubleshoot or audit the script's usage over time.

Enhancing the script in these areas could greatly improve its effectiveness, ease of use, and safety, making it more versatile for a broader array of use cases and environments.
