UTC: 2024-04-22T02:19:03.612497+00:00
File: pyddle/output_locale_aliases.py
Prompt: Bugs, issues, logical errors and whatever that must be fixed, please. Considering the balance between the productivity of development and the quality of code, I have little intention to implement more precise error handling, singleton-based designs, less use of hardcoded literals, more efficient algorithms, etc. They surely will make my code better, but my current priority is not efficiency; as long as the code is safe, secure and stable, performance and scalability can come later. So, please tell me only what I absolutely have to fix.
Code Tokens: 155
Response Tokens: 427

Based on the given context and prioritizing code safety, security, and stability over efficiency, scalability, and other optimizations, the provided script seems generally sound for its intended purpose. However, there are a few potential considerations for ensuring the script meets your specified priorities:

1. **Potential Missing Error Handling**:
    - While not explicitly asked to optimize error handling, ensuring basic error handling around file operations and other potential points of failure is crucial for code safety and stability. Consider adding try-except blocks around file operations to handle unexpected errors gracefully.
    ```python
    try:
        with pfs.open_file_and_write_utf_encoding_bom("output_locale_aliases.txt") as file:
            for key, value in sorted(locale.locale_alias.items()):
                file.write(f"{key}: {value}\n")
                print(f"{key}: {value}")
    except Exception as e:
        print(f"An error occurred: {e}")
    ```

2. **Security Considerations**:
    - Your script appears to use custom modules (`pyddle_debugging`, `pyddle_file_system`, `pyddle_global`) whose security implications I can't evaluate without seeing their implementations. Ensure these modules do not introduce security vulnerabilities, especially in how they handle file paths and execute file operations.
    - Ensure that the script does not inadvertently leak or expose sensitive information through its outputs, especially when dealing with locale settings which may not, in this context, be a high risk but is a good general practice.

3. **Dependency on Custom Modules**:
    - Your script relies on external, possibly custom, modules (`pyddle_debugging`, `pyddle_file_system`, `pyddle_global`). Make sure that these modules do not possess critical bugs or issues that could affect the stability of this script. This is more about ensuring the quality and stability of your dependencies rather than the script itself.

In summary, your script appears to align well with your priorities of safety, security, and stability, keeping in mind the general principle of gracefully handling unexpected errors. Make sure any custom modules you utilize adhere to these same principles.
