UTC: 2024-04-22T02:24:52.310892+00:00
File: pyddle/pyddle_string.py
Prompt: Bugs, issues, logical errors and whatever that must be fixed, please. Considering the balance between the productivity of development and the quality of code, I have little intention to implement more precise error handling, singleton-based designs, less use of hardcoded literals, more efficient algorithms, etc. They surely will make my code better, but my current priority is not efficiency; as long as the code is safe, secure and stable, performance and scalability can come later. So, please tell me only what I absolutely have to fix.
Code Tokens: 5565
Response Tokens: 742

Based on a focused review concerning safety, security, and stability, here are the critical issues that should be addressed in your script:

1. **Potential `IndexError` in `get_line_break_len` Function:**
   The `get_line_break_len` function assumes that if the current character is `"\r"` and not the last in the string, and the next character is `"\n"`, it returns 2 to account for a Windows-style line break. However, if `first_line_break_char_index` is the last index in the string, attempting to access `str_[first_line_break_char_index + 1]` will raise an `IndexError`. Consider adding a more strict boundary check to prevent this potential error.

   ```python
   if first_line_break_char_index + 1 < str_len:
       if str_[first_line_break_char_index + 1] == "\n":
           return 2
   ```

   The check `if first_line_break_char_index + 1 < str_len:` is correct but ensure this logic is correctly applied everywhere it's relevant to prevent `IndexError`.

2. **RuntimeErrors Thrown for Invalid Indices in `equals_at` and Similar Functions:**
   Methods like `equals_at`, `equals_at_ignore_case`, and `equals_at_casefold` throw a `RuntimeError` if an index is out of range. This is a design choice that can be problematic for stability, especially in a high-level scripting environment where catching specific errors like `RuntimeError` might not be common practice. Consider replacing them with more specialized exceptions or handling these scenarios without throwing, ensuring the caller is aware of invalid inputs through documentation.

3. **Unicode Handling in `normalize_singleline_str`:**
   Your method uses a regex to reduce whitespace but doesn't specifically address the multitude of Unicode whitespace characters beyond those matched by `\s`. For safety and stability, explicitly document this behavior or extend the implementation to cover more Unicode scenarios if your application context requires it.

4. **Unbounded `while` Loops in `ChunkStrReader`:**
   The `while` loops within `read_str` of the `ChunkStrReader` class could potentially run indefinitely under certain conditions. Ensure that the loop conditions are provably met within a finite number of steps. This is often more theoretical but worth verifying through testing or by closely reviewing the loop conditions and updates to `char_index`.

5. **General Error Handling:**
   Several methods throw a `RuntimeError` for various conditions (e.g., "Index out of range."). Depending on the context in which these functions are used, it might be beneficial to define custom exception types that are more descriptive of the specific error condition. This can improve stability by making error handling by the caller more precise and informative.

6. **Method Documentation Regarding `None`:**
   For methods like `split_line_into_parts`, ensure the behavior when passing `None` or empty strings is well-documented. While the code handles these cases, explicitly stating this in the documentation or through type hints could prevent misuse.

7. **Efficiency Considerations:**
   Although not a priority based on your criteria, there are spots in the code where efficiency could be significantly improved without compromising stability or security—such as avoiding compiling regex inside frequently called functions or reconsidering some of the algorithmic choices. While you've stated these aren't immediate concerns, keeping a note for potential future refactoring could be beneficial.

Focusing on these issues should help ensure that your priority of maintaining a codebase that is safe, secure, and stable is met, without delving into optimizations or enhancements that aren't currently within scope.
