UTC: 2024-04-22T02:16:16.437389+00:00
File: pyddle/build_changed_projects.py
Prompt: Bugs, issues, logical errors and whatever that must be fixed, please. Considering the balance between the productivity of development and the quality of code, I have little intention to implement more precise error handling, singleton-based designs, less use of hardcoded literals, more efficient algorithms, etc. They surely will make my code better, but my current priority is not efficiency; as long as the code is safe, secure and stable, performance and scalability can come later. So, please tell me only what I absolutely have to fix.
Code Tokens: 3357
Response Tokens: 762

The Python script you've provided aims to automate the build and archive process for changed projects within specified repositories. Based on your criteria focusing on code safety, security, stability, and the immediate necessity of corrections rather than performance or design pattern optimizations, here are the essential issues that need addressing:

1. **Global Exception Handling:**
   - Your script uses broad `except Exception` blocks extensively. While this might seem to ensure that your script can handle any unexpected error, it can also obscure the source of actual problems, making debugging harder. Ensure that the most common exceptions are caught explicitly where possible, and use broad exception handling judiciously. However, if you decide to keep this approach for its simplicity and error coverage, ensure that errors are logged comprehensively to facilitate issue identification.

2. **Sys.exit() Usage:**
   - In multiple places, you use `sys.exit()` without specifying an exit code. By default, `sys.exit()` terminates the program with a zero status code, indicating success. For the error paths or when the script finds no projects to build, you might want to exit with a non-zero status code, which conventionally indicates an error or abnormal termination. This change would make the script's behavior clearer when used in automation chains or scripts.
   
   Example Change:
   ```python
   sys.exit(1)  # Use a non-zero exit code to indicate failure
   ```

3. **Input Validation:**
   - The script takes input from the user with `input("Enter your choice: ")` without validating that the input is an integer or within the expected range before comparing it to string values like `"1"`, `"2"`, etc. This can lead to unhandled exceptions if input is not as expected. Implementing a simple validation loop to ensure that user input is both numeric and within the valid range would enhance the script's robustness.
   
   Example Validation:
   ```python
   while True:
       try:
           choice = int(input("Enter your choice: "))
           if 1 <= choice <= 5:
               break
           else:
               print("Choice is out of range. Please try again.")
       except ValueError:
           print("Invalid input. Please enter a number.")
   ```

4. **Resource Usage and File Handling:**
   - Although not explicitly shown in the snippets provided (e.g., file reading, writing actions), ensure that any file operations use context managers (`with` statement) to guarantee that file handles are properly closed even if an error occurs. This is critical for preventing resource leaks.

5. **Error Message Clarity:**
   - When logging errors, especially in the broad `except` blocks, including more contextual information about where the error occurred or the state of the application can drastically improve your ability to diagnose issues. While you might be logging the traceback, ensuring the error messages themselves are informative at the point of logging can save time.

6. **Potential Infinite Loop:**
   - The main loop of your script (`while True:`) relies on user input to break. Ensure that there's always a clear, fail-safe way for the script to exit this loop, especially in automated environments where direct input might not be feasible.

7. **Security Consideration:**
   - Although not explicitly mentioned in your requirements, consider the security implications of executing or building projects automatically, particularly regarding code injection or the execution of malicious code within a project. While this might not be an immediate concern given your script's current usage context, it's a factor to keep in mind as your automation's scope expands.

Addressing these essential issues would not significantly impact the efficiency or the runtime performance of your script but would enhance its safety, security, and stability, aligning with your prioritization.
