UTC: 2024-04-21T01:48:36.709729+00:00
File: pyddle/find_unpushed_commits.py
Prompt: Potential issues and improvements, as many and detailed as possible, please.
Code Tokens: 3450
Response Tokens: 782

The script provided appears to be a comprehensive tool for managing and tracking the status of repositories, particularly focusing on identifying unpushed commits among other repository states. However, there are several potential issues and areas for improvement that can be addressed:

1. **Error Handling**:
   - The script uses a broad `except Exception` which can catch all exceptions indiscriminately. This can make debugging difficult and might mask errors that should be handled differently or require specific actions.
   - The use of `check = False` in `subprocess.run()` calls means that errors in Git commands won't raise exceptions. While this prevents the script from crashing due to command errors, it could lead to unhandled problematic states.

2. **Efficiency and Performance**:
   - The script frequently changes the current working directory (`os.chdir()`), which could lead to errors if paths are not correctly managed or if operations that depend on the current directory's state are introduced later on. A more robust approach could involve specifying the working directory in the `subprocess.run()` calls directly using the `cwd` argument.
   - For repositories with a large number of commits, files, or stashes, operations like parsing commit logs, status, or stash lists could become slow. It might be beneficial to implement more efficient parsing and data handling strategies, potentially involving parallel processing for handling multiple repositories.

3. **Modularity and Extensibility**:
   - The code tightly couples Git operations, data representation, and console output. Decoupling these aspects could improve modularity, enabling easier updates and maintenance. For instance, separating the Git interaction into a dedicated module would facilitate reuse and testing.
   - The use of custom modules (`pyddle_` prefix) suggests an attempt at modularity but also raises questions about their implementation and how they integrate with standard Python functionality. Ensuring these modules are well-documented and serve clear purposes is crucial.

4. **User Experience and Output**:
   - The script's output is directly sent to the console, which might not be the most convenient format for all users. Offering options to export findings to different formats (e.g., JSON, CSV, or an HTML report) could greatly enhance usability.
   - It's not clear how user-friendly the error messages are, especially given the potential complexity of Git operations and states. Improving error messaging to be more informative and actionable could benefit users with less Git expertise.

5. **Portability and Compatibility**:
   - The script assumes a Unix-like environment in its path handling and subprocess calls (e.g., using `git`). Ensuring compatibility with Windows or providing clear documentation on supported environments is important for user adoption.
   - Dependence on the external Git binary through `subprocess` calls makes the script's functionality reliant on the user's system configuration. While this is often a practical choice, documenting the required Git version and configurations would be helpful.

6. **Security Considerations**:
   - The script does not appear to sanitize or validate paths before using them. While it seems designed for personal or internal use, being cautious about potential path traversal or command injection vulnerabilities is wise.

7. **Testing and Reliability**:
   - There's no indication of tests or testability within the script. Incorporating automated tests, especially for parsing and handling Git command outputs, could greatly improve the script's reliability and ease future enhancements.

8. **Documentation and Coding Best Practices**:
   - The script lacks in-line comments explaining the purpose of blocks of code or functions. Adding comments would improve readability and maintainability.
   - Consistent code style and naming conventions should be ensured throughout the script. This includes following PEP 8 for Python code, which would enhance readability and adherence to Python community standards.

Addressing these issues and implementing the suggested improvements could significantly enhance the script's functionality, reliability, and user experience.
